5-12-2025 09:35:19 - verbose: Arguments:
5-12-2025 09:35:19 - verbose:   /Applications/Cocos/Creator/3.7.4/CocosCreator.app/Contents/MacOS/CocosCreator: true
5-12-2025 09:35:19 - verbose:   project: /Users/ADMIN/Desktop/FruitLineSaga_Cocos/FruitLineSaga/FruitLineSaga_Cocos
5-12-2025 09:35:19 - verbose:   can-show-upgrade-dialog: true
5-12-2025 09:35:19 - verbose:   dev: false
5-12-2025 09:35:19 - verbose:   home: /Users/ADMIN/.CocosCreator
5-12-2025 09:35:19 - verbose:  
5-12-2025 09:35:23 - verbose: [Package] menu@1.0.0 enable
5-12-2025 09:35:23 - verbose: [Package] profile@1.0.0 enable
5-12-2025 09:35:23 - verbose: [Package] project@1.0.4 enable
5-12-2025 09:35:23 - verbose: [Package] messages@1.0.0 enable
5-12-2025 09:35:23 - verbose: [Package] program@1.0.3 enable
5-12-2025 09:35:23 - verbose: [Package] tester@1.0.0 enable
5-12-2025 09:35:23 - verbose: [Package] information@1.0.0 enable
5-12-2025 09:35:23 - verbose: [Package] preferences@1.0.0 enable
5-12-2025 09:35:25 - log: Load engine in /Applications/Cocos/Creator/3.7.4/CocosCreator.app/Contents/Resources/resources/3d/engine
5-12-2025 09:35:25 - log: Profile changed: engine (modules.includeModules: 2d,animation,audio,base,dragon-bones,gfx-webgl,gfx-webgl2,intersection-2d,light-probe,particle-2d,physics-2d-box2d,profiler,spine,tiled-map,tween,ui,video,websocket,webview)
5-12-2025 09:35:25 - log: Register native engine in /Applications/Cocos/Creator/3.7.4/CocosCreator.app/Contents/Resources/resources/3d/engine/native
5-12-2025 09:35:25 - verbose: [Package] engine@1.0.7 enable
5-12-2025 09:35:25 - verbose: [Package] programming@1.0.0 enable
5-12-2025 09:35:25 - verbose: [Package] device@1.0.1 enable
5-12-2025 09:35:25 - verbose: [Package] ui-kit@1.0.1 enable
5-12-2025 09:35:25 - verbose: [Package] asset-db@1.0.0 enable
5-12-2025 09:35:25 - verbose: [Package] scene@1.0.0 enable
5-12-2025 09:35:25 - verbose: [Package] server@1.0.0 enable
5-12-2025 09:35:25 - verbose: [Package] utils@1.0.0 enable
5-12-2025 09:35:28 - verbose: [Package] preview@1.0.1 enable
5-12-2025 09:35:28 - verbose: [Package] animator@1.0.0 enable
5-12-2025 09:35:28 - verbose: [Build-plugin] register pkg scene: 1ms
5-12-2025 09:35:28 - verbose: Builder PluginManager init: 1ms
5-12-2025 09:35:28 - verbose: [Package] builder@1.3.5 enable
5-12-2025 09:35:28 - verbose: [Package] shortcuts@1.0.1 enable
5-12-2025 09:35:28 - verbose: [Package] animation-graph@1.0.0 enable
5-12-2025 09:35:28 - verbose: [Package] about@1.0.0 enable
5-12-2025 09:35:28 - verbose: [Package] assets@1.0.0 enable
5-12-2025 09:35:28 - verbose: [Package] console@1.0.0 enable
5-12-2025 09:35:28 - verbose: [Package] crash-reporter@1.0.0 enable
5-12-2025 09:35:28 - verbose: [Package] extension@3.1.1 enable
5-12-2025 09:35:28 - verbose: [Package] hierarchy@1.0.0 enable
5-12-2025 09:35:28 - verbose: [Package] inspector@1.0.0 enable
5-12-2025 09:35:29 - verbose: [Package] light-probe@1.0.4 enable
5-12-2025 09:35:29 - verbose: [Package] lightmap@1.0.4 enable
5-12-2025 09:35:29 - verbose: [Package] node-library@1.0.1 enable
5-12-2025 09:35:29 - verbose: [Package] package-asset@1.0.1 enable
5-12-2025 09:35:29 - verbose: [Package] process@1.0.0 enable
5-12-2025 09:35:29 - verbose: [Package] reference-image@1.0.0 enable
5-12-2025 09:35:29 - verbose: [Package] reflection-probe@1.0.4 enable
5-12-2025 09:35:29 - verbose: [Package] engine-extends@1.0.0 enable
5-12-2025 09:35:29 - verbose: [Package] alipay-mini-game@1.0.1 enable
5-12-2025 09:35:29 - verbose: [Package] android@1.0.1 enable
5-12-2025 09:35:29 - verbose: [Package] bytedance-mini-game@1.0.2 enable
5-12-2025 09:35:29 - verbose: [Package] certificate@1.0.0 enable
5-12-2025 09:35:29 - verbose: [Package] channel-upload-tools@1.0.0 enable
5-12-2025 09:35:29 - verbose: [Package] fb-instant-games@1.0.0 enable
5-12-2025 09:35:29 - verbose: [Package] huawei-agc@1.0.0 enable
5-12-2025 09:35:29 - verbose: [Package] huawei-quick-game@1.0.1 enable
5-12-2025 09:35:29 - verbose: [Package] ios@1.0.0 enable
5-12-2025 09:35:29 - verbose: [Build-plugin] register pkg fb-instant-games: 208ms
5-12-2025 09:35:29 - verbose: [Build-plugin] register pkg android: 322ms
5-12-2025 09:35:29 - verbose: [Build-plugin] register pkg bytedance-mini-game: 282ms
5-12-2025 09:35:29 - verbose: [Package] linux@1.0.0 enable
5-12-2025 09:35:29 - verbose: [Package] mac@1.0.0 enable
5-12-2025 09:35:29 - verbose: [Build-plugin] register pkg huawei-agc: 245ms
5-12-2025 09:35:29 - verbose: [Package] native@1.0.2 enable
5-12-2025 09:35:29 - verbose: [Build-plugin] register pkg native: 24ms
5-12-2025 09:35:29 - verbose: [Build-plugin] register pkg huawei-quick-game: 277ms
5-12-2025 09:35:29 - verbose: [Package] ohos@1.0.0 enable
5-12-2025 09:35:29 - verbose: [Package] open-harmonyos@1.0.0 enable
5-12-2025 09:35:29 - verbose: [Package] oppo-mini-game@1.0.1 enable
5-12-2025 09:35:29 - verbose: [Package] runtime-dev-tools@1.0.0 enable
5-12-2025 09:35:29 - verbose: [Package] taobao-creative-app@1.0.0 enable
5-12-2025 09:35:29 - verbose: [Package] taobao-mini-game@1.0.0 enable
5-12-2025 09:35:29 - verbose: [Build-plugin] register pkg ios: 244ms
5-12-2025 09:35:29 - verbose: [Package] vivo-mini-game@1.0.1 enable
5-12-2025 09:35:29 - verbose: [Build-plugin] register pkg ohos: 146ms
5-12-2025 09:35:29 - verbose: [Package] web-desktop@1.0.1 enable
5-12-2025 09:35:29 - verbose: [Package] web-mobile@1.0.1 enable
5-12-2025 09:35:29 - verbose: [Package] wechatgame@1.0.2 enable
5-12-2025 09:35:29 - verbose: [Build-plugin] register pkg taobao-creative-app: 140ms
5-12-2025 09:35:29 - verbose: [Package] wechatprogram@1.0.2 enable
5-12-2025 09:35:29 - verbose: [Build-plugin] register pkg oppo-mini-game: 221ms
5-12-2025 09:35:29 - verbose: [Package] windows@1.0.1 enable
5-12-2025 09:35:29 - verbose: [Build-plugin] register pkg vivo-mini-game: 142ms
5-12-2025 09:35:29 - verbose: [Build-plugin] register pkg mac: 360ms
5-12-2025 09:35:29 - verbose: [Package] xiaomi-quick-game@1.0.1 enable
5-12-2025 09:35:30 - verbose: [Package] cocos-service@3.0.7 enable
5-12-2025 09:35:30 - verbose: [Build-plugin] register pkg cocos-service: 15ms
5-12-2025 09:35:30 - verbose: [Build-plugin] register pkg web-desktop: 261ms
5-12-2025 09:35:30 - verbose: [Build-plugin] register pkg taobao-mini-game: 316ms
5-12-2025 09:35:30 - verbose: [Build-plugin] register pkg wechatgame: 214ms
5-12-2025 09:35:30 - verbose: [Build-plugin] register pkg windows: 169ms
5-12-2025 09:35:30 - verbose: [Build-plugin] register pkg web-mobile: 239ms
5-12-2025 09:35:30 - verbose: [Build-plugin] register pkg xiaomi-quick-game: 148ms
5-12-2025 09:35:30 - verbose: [Package] im-plugin@3.0.12 enable
5-12-2025 09:35:30 - verbose: [Package] placeholder@1.0.0 enable
5-12-2025 09:35:30 - error: [Browser Preview]undefined
5-12-2025 09:35:31 - verbose: asset-db is ready!
5-12-2025 09:35:31 - info: [Scene] [Physics][Bullet]: Using asmjs Bullet libs.
5-12-2025 09:35:31 - info: [Scene] [PHYSICS]: using builtin.
5-12-2025 09:35:32 - log: [Scene] Cocos Creator v3.7.4
5-12-2025 09:35:32 - info: [Scene] Forward render pipeline initialized.
5-12-2025 09:35:32 - info: [Scene] [PHYSICS2D]: switch from builtin to box2d.
5-12-2025 09:36:39 - log: [Window] Deprecated as of 10.7.0. highlight(lang, code, ...args) has been deprecated.
5-12-2025 09:36:39 - log: [Window] Deprecated as of 10.7.0. Please use highlight(code, options) instead.
https://github.com/highlightjs/highlight.js/issues/2277
5-12-2025 09:36:39 - warn: Please set the application in Preferences -> External Programs -> Default Script Editor to better open the script
5-12-2025 09:36:48 - warn: Please set the application in Preferences -> External Programs -> Default Script Editor to better open the script
