debug: Mon, 12 May 2025 16:35:28 GMT
debug: Project: /Users/ADMIN/Desktop/FruitLineSaga_Cocos/FruitLineSaga/FruitLineSaga_Cocos
debug: Targets: editor,preview
debug: Incremental file seems great.
debug: Engine path: /Applications/Cocos/Creator/3.7.4/CocosCreator.app/Contents/Resources/resources/3d/engine
debug: Initializing target [Editor]
debug: Loading cache
debug: Loading cache costs 0.9465840000193566ms.
debug: Engine features shipped in editor: base,gfx-webgl,gfx-webgl2,gfx-empty,3d,animation,skeletal-animation,2d,ui,particle,particle-2d,physics-framework,physics-2d-framework,intersection-2d,primitive,profiler,occlusion-query,geometry-renderer,debug-renderer,audio,video,xr,light-probe,terrain,webview,tween,tiled-map,spine,dragon-bones,marionette,custom-pipeline,websocket,websocket-server
debug: Our import map(foo:/bar): {
  "imports": {
    "cc": "cce:/internal/x/cc"
  }
}
debug: Initializing target [Preview]
debug: Loading cache
debug: Loading cache costs 0.7737500001676381ms.
debug: Our import map(foo:/bar): {
  "imports": {
    "cc": "cce:/internal/x/cc"
  }
}
debug: Sync engine features: 2d,animation,audio,base,dragon-bones,gfx-webgl,gfx-webgl2,intersection-2d,light-probe,particle-2d,physics-2d-box2d,profiler,spine,tiled-map,tween,ui,video,websocket,webview
debug: Reset databases. Enumerated domains: [
  {
    "root": "db://internal/",
    "physical": "/Applications/Cocos/Creator/3.7.4/CocosCreator.app/Contents/Resources/resources/3d/engine/editor/assets"
  },
  {
    "root": "db://assets/",
    "physical": "/Users/ADMIN/Desktop/FruitLineSaga_Cocos/FruitLineSaga/FruitLineSaga_Cocos/assets"
  }
]
debug: Our import map(foo:/bar): {
  "imports": {
    "cc": "cce:/internal/x/cc",
    "db://internal/": "file:///Applications/Cocos/Creator/3.7.4/CocosCreator.app/Contents/Resources/resources/3d/engine/editor/assets/",
    "db://assets/": "file:///Users/ADMIN/Desktop/FruitLineSaga_Cocos/FruitLineSaga/FruitLineSaga_Cocos/assets/"
  }
}
debug: Our import map(foo:/bar): {
  "imports": {
    "cc": "cce:/internal/x/cc",
    "db://internal/": "file:///Applications/Cocos/Creator/3.7.4/CocosCreator.app/Contents/Resources/resources/3d/engine/editor/assets/",
    "db://assets/": "file:///Users/ADMIN/Desktop/FruitLineSaga_Cocos/FruitLineSaga/FruitLineSaga_Cocos/assets/"
  }
}
debug: Pulling asset-db.
debug: Fetch asset-db cost: 4.79320800001733ms.
debug: Build iteration starts.
Number of accumulated asset changes: 22
Feature changed: false
debug: Target(editor) build started.
debug: Detected change: cce:/internal/x/cc. Last mtime: Wed Dec 31 1969 16:00:09 GMT-0800 (Pacific Standard Time), Current mtime: Wed Dec 31 1969 16:00:03 GMT-0800 (Pacific Standard Time)
debug: Inspect cce:/internal/x/cc
debug: Resolve cce:/internal/x/cc-fu/base from cce:/internal/x/cc as external dependency cce:/internal/x/cc-fu/base.
debug: Resolve cce:/internal/x/cc-fu/gfx-webgl from cce:/internal/x/cc as external dependency cce:/internal/x/cc-fu/gfx-webgl.
debug: Resolve cce:/internal/x/cc-fu/gfx-webgl2 from cce:/internal/x/cc as external dependency cce:/internal/x/cc-fu/gfx-webgl2.
debug: Resolve cce:/internal/x/cc-fu/gfx-empty from cce:/internal/x/cc as external dependency cce:/internal/x/cc-fu/gfx-empty.
debug: Resolve cce:/internal/x/cc-fu/3d from cce:/internal/x/cc as external dependency cce:/internal/x/cc-fu/3d.
debug: Resolve cce:/internal/x/cc-fu/animation from cce:/internal/x/cc as external dependency cce:/internal/x/cc-fu/animation.
debug: Resolve cce:/internal/x/cc-fu/skeletal-animation from cce:/internal/x/cc as external dependency cce:/internal/x/cc-fu/skeletal-animation.
debug: Resolve cce:/internal/x/cc-fu/2d from cce:/internal/x/cc as external dependency cce:/internal/x/cc-fu/2d.
debug: Resolve cce:/internal/x/cc-fu/sorting from cce:/internal/x/cc as external dependency cce:/internal/x/cc-fu/sorting.
debug: Resolve cce:/internal/x/cc-fu/ui from cce:/internal/x/cc as external dependency cce:/internal/x/cc-fu/ui.
debug: Resolve cce:/internal/x/cc-fu/particle from cce:/internal/x/cc as external dependency cce:/internal/x/cc-fu/particle.
debug: Resolve cce:/internal/x/cc-fu/particle-2d from cce:/internal/x/cc as external dependency cce:/internal/x/cc-fu/particle-2d.
debug: Resolve cce:/internal/x/cc-fu/physics-framework from cce:/internal/x/cc as external dependency cce:/internal/x/cc-fu/physics-framework.
debug: Resolve cce:/internal/x/cc-fu/physics-2d-framework from cce:/internal/x/cc as external dependency cce:/internal/x/cc-fu/physics-2d-framework.
debug: Resolve cce:/internal/x/cc-fu/intersection-2d from cce:/internal/x/cc as external dependency cce:/internal/x/cc-fu/intersection-2d.
debug: Resolve cce:/internal/x/cc-fu/primitive from cce:/internal/x/cc as external dependency cce:/internal/x/cc-fu/primitive.
debug: Resolve cce:/internal/x/cc-fu/profiler from cce:/internal/x/cc as external dependency cce:/internal/x/cc-fu/profiler.
debug: Resolve cce:/internal/x/cc-fu/geometry-renderer from cce:/internal/x/cc as external dependency cce:/internal/x/cc-fu/geometry-renderer.
debug: Resolve cce:/internal/x/cc-fu/audio from cce:/internal/x/cc as external dependency cce:/internal/x/cc-fu/audio.
debug: Resolve cce:/internal/x/cc-fu/video from cce:/internal/x/cc as external dependency cce:/internal/x/cc-fu/video.
debug: Resolve cce:/internal/x/cc-fu/xr from cce:/internal/x/cc as external dependency cce:/internal/x/cc-fu/xr.
debug: Resolve cce:/internal/x/cc-fu/light-probe from cce:/internal/x/cc as external dependency cce:/internal/x/cc-fu/light-probe.
debug: Resolve cce:/internal/x/cc-fu/terrain from cce:/internal/x/cc as external dependency cce:/internal/x/cc-fu/terrain.
debug: Resolve cce:/internal/x/cc-fu/webview from cce:/internal/x/cc as external dependency cce:/internal/x/cc-fu/webview.
debug: Resolve cce:/internal/x/cc-fu/tween from cce:/internal/x/cc as external dependency cce:/internal/x/cc-fu/tween.
debug: Resolve cce:/internal/x/cc-fu/tiled-map from cce:/internal/x/cc as external dependency cce:/internal/x/cc-fu/tiled-map.
debug: Resolve cce:/internal/x/cc-fu/spine from cce:/internal/x/cc as external dependency cce:/internal/x/cc-fu/spine.
debug: Resolve cce:/internal/x/cc-fu/dragon-bones from cce:/internal/x/cc as external dependency cce:/internal/x/cc-fu/dragon-bones.
debug: Resolve cce:/internal/x/cc-fu/custom-pipeline from cce:/internal/x/cc as external dependency cce:/internal/x/cc-fu/custom-pipeline.
debug: Detected change: cce:/internal/x/prerequisite-imports. Last mtime: Wed Dec 31 1969 16:09:49 GMT-0800 (Pacific Standard Time), Current mtime: Wed Dec 31 1969 16:00:03 GMT-0800 (Pacific Standard Time)
debug: Inspect cce:/internal/x/prerequisite-imports
debug: Resolve file:///Applications/Cocos/Creator/3.7.4/CocosCreator.app/Contents/Resources/resources/3d/engine/editor/assets/tools/debug-view-runtime-control.ts from cce:/internal/x/prerequisite-imports as file:///Applications/Cocos/Creator/3.7.4/CocosCreator.app/Contents/Resources/resources/3d/engine/editor/assets/tools/debug-view-runtime-control.ts.
debug: Resolve cc from file:///Applications/Cocos/Creator/3.7.4/CocosCreator.app/Contents/Resources/resources/3d/engine/editor/assets/tools/debug-view-runtime-control.ts as cce:/internal/x/cc.
debug: Resolve cc from file:///Applications/Cocos/Creator/3.7.4/CocosCreator.app/Contents/Resources/resources/3d/engine/editor/assets/tools/debug-view-runtime-control.ts as cce:/internal/x/cc.
debug: Resolve cc from file:///Applications/Cocos/Creator/3.7.4/CocosCreator.app/Contents/Resources/resources/3d/engine/editor/assets/tools/debug-view-runtime-control.ts as cce:/internal/x/cc.
debug: Resolve file:///Users/ADMIN/Desktop/FruitLineSaga_Cocos/FruitLineSaga/FruitLineSaga_Cocos/assets/Leaderboard/Script/ItemLeaderboard.ts from cce:/internal/x/prerequisite-imports as file:///Users/ADMIN/Desktop/FruitLineSaga_Cocos/FruitLineSaga/FruitLineSaga_Cocos/assets/Leaderboard/Script/ItemLeaderboard.ts.
debug: Inspect file:///Users/ADMIN/Desktop/FruitLineSaga_Cocos/FruitLineSaga/FruitLineSaga_Cocos/assets/Leaderboard/Script/ItemLeaderboard.ts
debug: Resolve cc from file:///Users/ADMIN/Desktop/FruitLineSaga_Cocos/FruitLineSaga/FruitLineSaga_Cocos/assets/Leaderboard/Script/ItemLeaderboard.ts as cce:/internal/x/cc.
debug: Resolve cc from file:///Users/ADMIN/Desktop/FruitLineSaga_Cocos/FruitLineSaga/FruitLineSaga_Cocos/assets/Leaderboard/Script/ItemLeaderboard.ts as cce:/internal/x/cc.
debug: Resolve cc from file:///Users/ADMIN/Desktop/FruitLineSaga_Cocos/FruitLineSaga/FruitLineSaga_Cocos/assets/Leaderboard/Script/ItemLeaderboard.ts as cce:/internal/x/cc.
debug: Resolve file:///Users/ADMIN/Desktop/FruitLineSaga_Cocos/FruitLineSaga/FruitLineSaga_Cocos/assets/Leaderboard/Script/LeaderboardHandle.ts from cce:/internal/x/prerequisite-imports as file:///Users/ADMIN/Desktop/FruitLineSaga_Cocos/FruitLineSaga/FruitLineSaga_Cocos/assets/Leaderboard/Script/LeaderboardHandle.ts.
debug: Inspect file:///Users/ADMIN/Desktop/FruitLineSaga_Cocos/FruitLineSaga/FruitLineSaga_Cocos/assets/Leaderboard/Script/LeaderboardHandle.ts
debug: Resolve cce:/internal/code-quality/cr.mjs from file:///Users/ADMIN/Desktop/FruitLineSaga_Cocos/FruitLineSaga/FruitLineSaga_Cocos/assets/Leaderboard/Script/LeaderboardHandle.ts as cce:/internal/code-quality/cr.mjs.
debug: Detected change: cce:/internal/code-quality/cr.mjs. Last mtime: Mon May 12 2025 09:22:57 GMT-0700 (Pacific Daylight Time), Current mtime: Mon May 12 2025 09:35:25 GMT-0700 (Pacific Daylight Time)
debug: Inspect cce:/internal/code-quality/cr.mjs
debug: Resolve cc from file:///Users/ADMIN/Desktop/FruitLineSaga_Cocos/FruitLineSaga/FruitLineSaga_Cocos/assets/Leaderboard/Script/LeaderboardHandle.ts as cce:/internal/x/cc.
debug: Resolve cc from file:///Users/ADMIN/Desktop/FruitLineSaga_Cocos/FruitLineSaga/FruitLineSaga_Cocos/assets/Leaderboard/Script/LeaderboardHandle.ts as cce:/internal/x/cc.
debug: Resolve cc from file:///Users/ADMIN/Desktop/FruitLineSaga_Cocos/FruitLineSaga/FruitLineSaga_Cocos/assets/Leaderboard/Script/LeaderboardHandle.ts as cce:/internal/x/cc.
debug: Resolve ./ItemLeaderboard from file:///Users/ADMIN/Desktop/FruitLineSaga_Cocos/FruitLineSaga/FruitLineSaga_Cocos/assets/Leaderboard/Script/LeaderboardHandle.ts as file:///Users/ADMIN/Desktop/FruitLineSaga_Cocos/FruitLineSaga/FruitLineSaga_Cocos/assets/Leaderboard/Script/ItemLeaderboard.ts.
debug: Resolve ../../Script/GameCenter/GameCenterController from file:///Users/ADMIN/Desktop/FruitLineSaga_Cocos/FruitLineSaga/FruitLineSaga_Cocos/assets/Leaderboard/Script/LeaderboardHandle.ts as file:///Users/ADMIN/Desktop/FruitLineSaga_Cocos/FruitLineSaga/FruitLineSaga_Cocos/assets/Script/GameCenter/GameCenterController.ts.
debug: Inspect file:///Users/ADMIN/Desktop/FruitLineSaga_Cocos/FruitLineSaga/FruitLineSaga_Cocos/assets/Script/GameCenter/GameCenterController.ts
debug: Resolve cce:/internal/code-quality/cr.mjs from file:///Users/ADMIN/Desktop/FruitLineSaga_Cocos/FruitLineSaga/FruitLineSaga_Cocos/assets/Script/GameCenter/GameCenterController.ts as cce:/internal/code-quality/cr.mjs.
debug: Resolve cc from file:///Users/ADMIN/Desktop/FruitLineSaga_Cocos/FruitLineSaga/FruitLineSaga_Cocos/assets/Script/GameCenter/GameCenterController.ts as cce:/internal/x/cc.
debug: Resolve cc from file:///Users/ADMIN/Desktop/FruitLineSaga_Cocos/FruitLineSaga/FruitLineSaga_Cocos/assets/Script/GameCenter/GameCenterController.ts as cce:/internal/x/cc.
debug: Resolve cc from file:///Users/ADMIN/Desktop/FruitLineSaga_Cocos/FruitLineSaga/FruitLineSaga_Cocos/assets/Script/GameCenter/GameCenterController.ts as cce:/internal/x/cc.
debug: Resolve ../Utils/Constants from file:///Users/ADMIN/Desktop/FruitLineSaga_Cocos/FruitLineSaga/FruitLineSaga_Cocos/assets/Script/GameCenter/GameCenterController.ts as file:///Users/ADMIN/Desktop/FruitLineSaga_Cocos/FruitLineSaga/FruitLineSaga_Cocos/assets/Script/Utils/Constants.ts.
debug: Inspect file:///Users/ADMIN/Desktop/FruitLineSaga_Cocos/FruitLineSaga/FruitLineSaga_Cocos/assets/Script/Utils/Constants.ts
debug: Resolve cc from file:///Users/ADMIN/Desktop/FruitLineSaga_Cocos/FruitLineSaga/FruitLineSaga_Cocos/assets/Script/Utils/Constants.ts as cce:/internal/x/cc.
debug: Resolve ../Utils/DataGame from file:///Users/ADMIN/Desktop/FruitLineSaga_Cocos/FruitLineSaga/FruitLineSaga_Cocos/assets/Script/GameCenter/GameCenterController.ts as file:///Users/ADMIN/Desktop/FruitLineSaga_Cocos/FruitLineSaga/FruitLineSaga_Cocos/assets/Script/Utils/DataGame.ts.
debug: Inspect file:///Users/ADMIN/Desktop/FruitLineSaga_Cocos/FruitLineSaga/FruitLineSaga_Cocos/assets/Script/Utils/DataGame.ts
debug: Resolve cce:/internal/code-quality/cr.mjs from file:///Users/ADMIN/Desktop/FruitLineSaga_Cocos/FruitLineSaga/FruitLineSaga_Cocos/assets/Script/Utils/DataGame.ts as cce:/internal/code-quality/cr.mjs.
debug: Resolve cc from file:///Users/ADMIN/Desktop/FruitLineSaga_Cocos/FruitLineSaga/FruitLineSaga_Cocos/assets/Script/Utils/DataGame.ts as cce:/internal/x/cc.
debug: Resolve ./StoreAPI from file:///Users/ADMIN/Desktop/FruitLineSaga_Cocos/FruitLineSaga/FruitLineSaga_Cocos/assets/Script/GameCenter/GameCenterController.ts as file:///Users/ADMIN/Desktop/FruitLineSaga_Cocos/FruitLineSaga/FruitLineSaga_Cocos/assets/Script/GameCenter/StoreAPI.ts.
debug: Inspect file:///Users/ADMIN/Desktop/FruitLineSaga_Cocos/FruitLineSaga/FruitLineSaga_Cocos/assets/Script/GameCenter/StoreAPI.ts
debug: Resolve cc from file:///Users/ADMIN/Desktop/FruitLineSaga_Cocos/FruitLineSaga/FruitLineSaga_Cocos/assets/Script/GameCenter/StoreAPI.ts as cce:/internal/x/cc.
debug: Resolve cc from file:///Users/ADMIN/Desktop/FruitLineSaga_Cocos/FruitLineSaga/FruitLineSaga_Cocos/assets/Script/GameCenter/StoreAPI.ts as cce:/internal/x/cc.
debug: Resolve cc from file:///Users/ADMIN/Desktop/FruitLineSaga_Cocos/FruitLineSaga/FruitLineSaga_Cocos/assets/Script/GameCenter/StoreAPI.ts as cce:/internal/x/cc.
debug: Resolve file:///Users/ADMIN/Desktop/FruitLineSaga_Cocos/FruitLineSaga/FruitLineSaga_Cocos/assets/Script/AudioController.ts from cce:/internal/x/prerequisite-imports as file:///Users/ADMIN/Desktop/FruitLineSaga_Cocos/FruitLineSaga/FruitLineSaga_Cocos/assets/Script/AudioController.ts.
debug: Inspect file:///Users/ADMIN/Desktop/FruitLineSaga_Cocos/FruitLineSaga/FruitLineSaga_Cocos/assets/Script/AudioController.ts
debug: Resolve cce:/internal/code-quality/cr.mjs from file:///Users/ADMIN/Desktop/FruitLineSaga_Cocos/FruitLineSaga/FruitLineSaga_Cocos/assets/Script/AudioController.ts as cce:/internal/code-quality/cr.mjs.
debug: Resolve cc from file:///Users/ADMIN/Desktop/FruitLineSaga_Cocos/FruitLineSaga/FruitLineSaga_Cocos/assets/Script/AudioController.ts as cce:/internal/x/cc.
debug: Resolve cc from file:///Users/ADMIN/Desktop/FruitLineSaga_Cocos/FruitLineSaga/FruitLineSaga_Cocos/assets/Script/AudioController.ts as cce:/internal/x/cc.
debug: Resolve cc from file:///Users/ADMIN/Desktop/FruitLineSaga_Cocos/FruitLineSaga/FruitLineSaga_Cocos/assets/Script/AudioController.ts as cce:/internal/x/cc.
debug: Resolve ./Utils/DataGame from file:///Users/ADMIN/Desktop/FruitLineSaga_Cocos/FruitLineSaga/FruitLineSaga_Cocos/assets/Script/AudioController.ts as file:///Users/ADMIN/Desktop/FruitLineSaga_Cocos/FruitLineSaga/FruitLineSaga_Cocos/assets/Script/Utils/DataGame.ts.
debug: Resolve ./Utils/DataTypes from file:///Users/ADMIN/Desktop/FruitLineSaga_Cocos/FruitLineSaga/FruitLineSaga_Cocos/assets/Script/AudioController.ts as file:///Users/ADMIN/Desktop/FruitLineSaga_Cocos/FruitLineSaga/FruitLineSaga_Cocos/assets/Script/Utils/DataTypes.ts.
debug: Inspect file:///Users/ADMIN/Desktop/FruitLineSaga_Cocos/FruitLineSaga/FruitLineSaga_Cocos/assets/Script/Utils/DataTypes.ts
debug: Resolve cc from file:///Users/ADMIN/Desktop/FruitLineSaga_Cocos/FruitLineSaga/FruitLineSaga_Cocos/assets/Script/Utils/DataTypes.ts as cce:/internal/x/cc.
debug: Resolve cc from file:///Users/ADMIN/Desktop/FruitLineSaga_Cocos/FruitLineSaga/FruitLineSaga_Cocos/assets/Script/Utils/DataTypes.ts as cce:/internal/x/cc.
debug: Resolve file:///Users/ADMIN/Desktop/FruitLineSaga_Cocos/FruitLineSaga/FruitLineSaga_Cocos/assets/Script/EntryManager.ts from cce:/internal/x/prerequisite-imports as file:///Users/ADMIN/Desktop/FruitLineSaga_Cocos/FruitLineSaga/FruitLineSaga_Cocos/assets/Script/EntryManager.ts.
debug: Inspect file:///Users/ADMIN/Desktop/FruitLineSaga_Cocos/FruitLineSaga/FruitLineSaga_Cocos/assets/Script/EntryManager.ts
debug: Resolve cce:/internal/code-quality/cr.mjs from file:///Users/ADMIN/Desktop/FruitLineSaga_Cocos/FruitLineSaga/FruitLineSaga_Cocos/assets/Script/EntryManager.ts as cce:/internal/code-quality/cr.mjs.
debug: Resolve cc from file:///Users/ADMIN/Desktop/FruitLineSaga_Cocos/FruitLineSaga/FruitLineSaga_Cocos/assets/Script/EntryManager.ts as cce:/internal/x/cc.
debug: Resolve cc from file:///Users/ADMIN/Desktop/FruitLineSaga_Cocos/FruitLineSaga/FruitLineSaga_Cocos/assets/Script/EntryManager.ts as cce:/internal/x/cc.
debug: Resolve cc from file:///Users/ADMIN/Desktop/FruitLineSaga_Cocos/FruitLineSaga/FruitLineSaga_Cocos/assets/Script/EntryManager.ts as cce:/internal/x/cc.
debug: Resolve ./GameCenter/GameCenterController from file:///Users/ADMIN/Desktop/FruitLineSaga_Cocos/FruitLineSaga/FruitLineSaga_Cocos/assets/Script/EntryManager.ts as file:///Users/ADMIN/Desktop/FruitLineSaga_Cocos/FruitLineSaga/FruitLineSaga_Cocos/assets/Script/GameCenter/GameCenterController.ts.
debug: Resolve ./Utils/Constants from file:///Users/ADMIN/Desktop/FruitLineSaga_Cocos/FruitLineSaga/FruitLineSaga_Cocos/assets/Script/EntryManager.ts as file:///Users/ADMIN/Desktop/FruitLineSaga_Cocos/FruitLineSaga/FruitLineSaga_Cocos/assets/Script/Utils/Constants.ts.
debug: Resolve ./Utils/DataGame from file:///Users/ADMIN/Desktop/FruitLineSaga_Cocos/FruitLineSaga/FruitLineSaga_Cocos/assets/Script/EntryManager.ts as file:///Users/ADMIN/Desktop/FruitLineSaga_Cocos/FruitLineSaga/FruitLineSaga_Cocos/assets/Script/Utils/DataGame.ts.
debug: Resolve file:///Users/ADMIN/Desktop/FruitLineSaga_Cocos/FruitLineSaga/FruitLineSaga_Cocos/assets/Script/GameCenter/GameCenterController.ts from cce:/internal/x/prerequisite-imports as file:///Users/ADMIN/Desktop/FruitLineSaga_Cocos/FruitLineSaga/FruitLineSaga_Cocos/assets/Script/GameCenter/GameCenterController.ts.
debug: Resolve file:///Users/ADMIN/Desktop/FruitLineSaga_Cocos/FruitLineSaga/FruitLineSaga_Cocos/assets/Script/GameCenter/StoreAPI.ts from cce:/internal/x/prerequisite-imports as file:///Users/ADMIN/Desktop/FruitLineSaga_Cocos/FruitLineSaga/FruitLineSaga_Cocos/assets/Script/GameCenter/StoreAPI.ts.
debug: Resolve file:///Users/ADMIN/Desktop/FruitLineSaga_Cocos/FruitLineSaga/FruitLineSaga_Cocos/assets/Script/GameManager/GameController.ts from cce:/internal/x/prerequisite-imports as file:///Users/ADMIN/Desktop/FruitLineSaga_Cocos/FruitLineSaga/FruitLineSaga_Cocos/assets/Script/GameManager/GameController.ts.
debug: Inspect file:///Users/ADMIN/Desktop/FruitLineSaga_Cocos/FruitLineSaga/FruitLineSaga_Cocos/assets/Script/GameManager/GameController.ts
debug: Resolve cce:/internal/code-quality/cr.mjs from file:///Users/ADMIN/Desktop/FruitLineSaga_Cocos/FruitLineSaga/FruitLineSaga_Cocos/assets/Script/GameManager/GameController.ts as cce:/internal/code-quality/cr.mjs.
debug: Resolve cc from file:///Users/ADMIN/Desktop/FruitLineSaga_Cocos/FruitLineSaga/FruitLineSaga_Cocos/assets/Script/GameManager/GameController.ts as cce:/internal/x/cc.
debug: Resolve cc from file:///Users/ADMIN/Desktop/FruitLineSaga_Cocos/FruitLineSaga/FruitLineSaga_Cocos/assets/Script/GameManager/GameController.ts as cce:/internal/x/cc.
debug: Resolve ./../Utils/DataTypes from file:///Users/ADMIN/Desktop/FruitLineSaga_Cocos/FruitLineSaga/FruitLineSaga_Cocos/assets/Script/GameManager/GameController.ts as file:///Users/ADMIN/Desktop/FruitLineSaga_Cocos/FruitLineSaga/FruitLineSaga_Cocos/assets/Script/Utils/DataTypes.ts.
debug: Resolve cc from file:///Users/ADMIN/Desktop/FruitLineSaga_Cocos/FruitLineSaga/FruitLineSaga_Cocos/assets/Script/GameManager/GameController.ts as cce:/internal/x/cc.
debug: Resolve ./MatrixManager from file:///Users/ADMIN/Desktop/FruitLineSaga_Cocos/FruitLineSaga/FruitLineSaga_Cocos/assets/Script/GameManager/GameController.ts as file:///Users/ADMIN/Desktop/FruitLineSaga_Cocos/FruitLineSaga/FruitLineSaga_Cocos/assets/Script/GameManager/MatrixManager.ts.
debug: Inspect file:///Users/ADMIN/Desktop/FruitLineSaga_Cocos/FruitLineSaga/FruitLineSaga_Cocos/assets/Script/GameManager/MatrixManager.ts
debug: Resolve cce:/internal/code-quality/cr.mjs from file:///Users/ADMIN/Desktop/FruitLineSaga_Cocos/FruitLineSaga/FruitLineSaga_Cocos/assets/Script/GameManager/MatrixManager.ts as cce:/internal/code-quality/cr.mjs.
debug: Resolve cc from file:///Users/ADMIN/Desktop/FruitLineSaga_Cocos/FruitLineSaga/FruitLineSaga_Cocos/assets/Script/GameManager/MatrixManager.ts as cce:/internal/x/cc.
debug: Resolve cc from file:///Users/ADMIN/Desktop/FruitLineSaga_Cocos/FruitLineSaga/FruitLineSaga_Cocos/assets/Script/GameManager/MatrixManager.ts as cce:/internal/x/cc.
debug: Resolve cc from file:///Users/ADMIN/Desktop/FruitLineSaga_Cocos/FruitLineSaga/FruitLineSaga_Cocos/assets/Script/GameManager/MatrixManager.ts as cce:/internal/x/cc.
debug: Resolve ../Utils/Constants from file:///Users/ADMIN/Desktop/FruitLineSaga_Cocos/FruitLineSaga/FruitLineSaga_Cocos/assets/Script/GameManager/MatrixManager.ts as file:///Users/ADMIN/Desktop/FruitLineSaga_Cocos/FruitLineSaga/FruitLineSaga_Cocos/assets/Script/Utils/Constants.ts.
debug: Resolve ./GameView from file:///Users/ADMIN/Desktop/FruitLineSaga_Cocos/FruitLineSaga/FruitLineSaga_Cocos/assets/Script/GameManager/GameController.ts as file:///Users/ADMIN/Desktop/FruitLineSaga_Cocos/FruitLineSaga/FruitLineSaga_Cocos/assets/Script/GameManager/GameView.ts.
debug: Inspect file:///Users/ADMIN/Desktop/FruitLineSaga_Cocos/FruitLineSaga/FruitLineSaga_Cocos/assets/Script/GameManager/GameView.ts
debug: Resolve cce:/internal/code-quality/cr.mjs from file:///Users/ADMIN/Desktop/FruitLineSaga_Cocos/FruitLineSaga/FruitLineSaga_Cocos/assets/Script/GameManager/GameView.ts as cce:/internal/code-quality/cr.mjs.
debug: Resolve cc from file:///Users/ADMIN/Desktop/FruitLineSaga_Cocos/FruitLineSaga/FruitLineSaga_Cocos/assets/Script/GameManager/GameView.ts as cce:/internal/x/cc.
debug: Resolve cc from file:///Users/ADMIN/Desktop/FruitLineSaga_Cocos/FruitLineSaga/FruitLineSaga_Cocos/assets/Script/GameManager/GameView.ts as cce:/internal/x/cc.
debug: Resolve cc from file:///Users/ADMIN/Desktop/FruitLineSaga_Cocos/FruitLineSaga/FruitLineSaga_Cocos/assets/Script/GameManager/GameView.ts as cce:/internal/x/cc.
debug: Resolve ../NodeModal from file:///Users/ADMIN/Desktop/FruitLineSaga_Cocos/FruitLineSaga/FruitLineSaga_Cocos/assets/Script/GameManager/GameView.ts as file:///Users/ADMIN/Desktop/FruitLineSaga_Cocos/FruitLineSaga/FruitLineSaga_Cocos/assets/Script/NodeModal.ts.
debug: Inspect file:///Users/ADMIN/Desktop/FruitLineSaga_Cocos/FruitLineSaga/FruitLineSaga_Cocos/assets/Script/NodeModal.ts
debug: Resolve cc from file:///Users/ADMIN/Desktop/FruitLineSaga_Cocos/FruitLineSaga/FruitLineSaga_Cocos/assets/Script/NodeModal.ts as cce:/internal/x/cc.
debug: Resolve cc from file:///Users/ADMIN/Desktop/FruitLineSaga_Cocos/FruitLineSaga/FruitLineSaga_Cocos/assets/Script/NodeModal.ts as cce:/internal/x/cc.
debug: Resolve cc from file:///Users/ADMIN/Desktop/FruitLineSaga_Cocos/FruitLineSaga/FruitLineSaga_Cocos/assets/Script/NodeModal.ts as cce:/internal/x/cc.
debug: Resolve ../PoolManager from file:///Users/ADMIN/Desktop/FruitLineSaga_Cocos/FruitLineSaga/FruitLineSaga_Cocos/assets/Script/GameManager/GameView.ts as file:///Users/ADMIN/Desktop/FruitLineSaga_Cocos/FruitLineSaga/FruitLineSaga_Cocos/assets/Script/PoolManager.ts.
debug: Inspect file:///Users/ADMIN/Desktop/FruitLineSaga_Cocos/FruitLineSaga/FruitLineSaga_Cocos/assets/Script/PoolManager.ts
debug: Resolve cc from file:///Users/ADMIN/Desktop/FruitLineSaga_Cocos/FruitLineSaga/FruitLineSaga_Cocos/assets/Script/PoolManager.ts as cce:/internal/x/cc.
debug: Resolve cc from file:///Users/ADMIN/Desktop/FruitLineSaga_Cocos/FruitLineSaga/FruitLineSaga_Cocos/assets/Script/PoolManager.ts as cce:/internal/x/cc.
debug: Resolve cc from file:///Users/ADMIN/Desktop/FruitLineSaga_Cocos/FruitLineSaga/FruitLineSaga_Cocos/assets/Script/PoolManager.ts as cce:/internal/x/cc.
debug: Resolve ../Utils/Constants from file:///Users/ADMIN/Desktop/FruitLineSaga_Cocos/FruitLineSaga/FruitLineSaga_Cocos/assets/Script/GameManager/GameView.ts as file:///Users/ADMIN/Desktop/FruitLineSaga_Cocos/FruitLineSaga/FruitLineSaga_Cocos/assets/Script/Utils/Constants.ts.
debug: Resolve ../PrefabControl/Cell from file:///Users/ADMIN/Desktop/FruitLineSaga_Cocos/FruitLineSaga/FruitLineSaga_Cocos/assets/Script/GameManager/GameView.ts as file:///Users/ADMIN/Desktop/FruitLineSaga_Cocos/FruitLineSaga/FruitLineSaga_Cocos/assets/Script/PrefabControl/Cell.ts.
debug: Inspect file:///Users/ADMIN/Desktop/FruitLineSaga_Cocos/FruitLineSaga/FruitLineSaga_Cocos/assets/Script/PrefabControl/Cell.ts
debug: Resolve cce:/internal/code-quality/cr.mjs from file:///Users/ADMIN/Desktop/FruitLineSaga_Cocos/FruitLineSaga/FruitLineSaga_Cocos/assets/Script/PrefabControl/Cell.ts as cce:/internal/code-quality/cr.mjs.
debug: Resolve cc from file:///Users/ADMIN/Desktop/FruitLineSaga_Cocos/FruitLineSaga/FruitLineSaga_Cocos/assets/Script/PrefabControl/Cell.ts as cce:/internal/x/cc.
debug: Resolve cc from file:///Users/ADMIN/Desktop/FruitLineSaga_Cocos/FruitLineSaga/FruitLineSaga_Cocos/assets/Script/PrefabControl/Cell.ts as cce:/internal/x/cc.
debug: Resolve cc from file:///Users/ADMIN/Desktop/FruitLineSaga_Cocos/FruitLineSaga/FruitLineSaga_Cocos/assets/Script/PrefabControl/Cell.ts as cce:/internal/x/cc.
debug: Resolve ../Utils/DataTypes from file:///Users/ADMIN/Desktop/FruitLineSaga_Cocos/FruitLineSaga/FruitLineSaga_Cocos/assets/Script/PrefabControl/Cell.ts as file:///Users/ADMIN/Desktop/FruitLineSaga_Cocos/FruitLineSaga/FruitLineSaga_Cocos/assets/Script/Utils/DataTypes.ts.
debug: Resolve ../Utils/Constants from file:///Users/ADMIN/Desktop/FruitLineSaga_Cocos/FruitLineSaga/FruitLineSaga_Cocos/assets/Script/PrefabControl/Cell.ts as file:///Users/ADMIN/Desktop/FruitLineSaga_Cocos/FruitLineSaga/FruitLineSaga_Cocos/assets/Script/Utils/Constants.ts.
debug: Resolve ../Utils/DataTypes from file:///Users/ADMIN/Desktop/FruitLineSaga_Cocos/FruitLineSaga/FruitLineSaga_Cocos/assets/Script/GameManager/GameView.ts as file:///Users/ADMIN/Desktop/FruitLineSaga_Cocos/FruitLineSaga/FruitLineSaga_Cocos/assets/Script/Utils/DataTypes.ts.
debug: Resolve ../PrefabControl/AnimationScore from file:///Users/ADMIN/Desktop/FruitLineSaga_Cocos/FruitLineSaga/FruitLineSaga_Cocos/assets/Script/GameManager/GameView.ts as file:///Users/ADMIN/Desktop/FruitLineSaga_Cocos/FruitLineSaga/FruitLineSaga_Cocos/assets/Script/PrefabControl/AnimationScore.ts.
debug: Inspect file:///Users/ADMIN/Desktop/FruitLineSaga_Cocos/FruitLineSaga/FruitLineSaga_Cocos/assets/Script/PrefabControl/AnimationScore.ts
debug: Resolve cc from file:///Users/ADMIN/Desktop/FruitLineSaga_Cocos/FruitLineSaga/FruitLineSaga_Cocos/assets/Script/PrefabControl/AnimationScore.ts as cce:/internal/x/cc.
debug: Resolve cc from file:///Users/ADMIN/Desktop/FruitLineSaga_Cocos/FruitLineSaga/FruitLineSaga_Cocos/assets/Script/PrefabControl/AnimationScore.ts as cce:/internal/x/cc.
debug: Resolve cc from file:///Users/ADMIN/Desktop/FruitLineSaga_Cocos/FruitLineSaga/FruitLineSaga_Cocos/assets/Script/PrefabControl/AnimationScore.ts as cce:/internal/x/cc.
debug: Resolve ../NodeModal from file:///Users/ADMIN/Desktop/FruitLineSaga_Cocos/FruitLineSaga/FruitLineSaga_Cocos/assets/Script/GameManager/GameController.ts as file:///Users/ADMIN/Desktop/FruitLineSaga_Cocos/FruitLineSaga/FruitLineSaga_Cocos/assets/Script/NodeModal.ts.
debug: Resolve ../PrefabControl/Cell from file:///Users/ADMIN/Desktop/FruitLineSaga_Cocos/FruitLineSaga/FruitLineSaga_Cocos/assets/Script/GameManager/GameController.ts as file:///Users/ADMIN/Desktop/FruitLineSaga_Cocos/FruitLineSaga/FruitLineSaga_Cocos/assets/Script/PrefabControl/Cell.ts.
debug: Resolve ../Utils/DataTypes from file:///Users/ADMIN/Desktop/FruitLineSaga_Cocos/FruitLineSaga/FruitLineSaga_Cocos/assets/Script/GameManager/GameController.ts as file:///Users/ADMIN/Desktop/FruitLineSaga_Cocos/FruitLineSaga/FruitLineSaga_Cocos/assets/Script/Utils/DataTypes.ts.
debug: Resolve ../Utils/Constants from file:///Users/ADMIN/Desktop/FruitLineSaga_Cocos/FruitLineSaga/FruitLineSaga_Cocos/assets/Script/GameManager/GameController.ts as file:///Users/ADMIN/Desktop/FruitLineSaga_Cocos/FruitLineSaga/FruitLineSaga_Cocos/assets/Script/Utils/Constants.ts.
debug: Resolve ../ScoreManager from file:///Users/ADMIN/Desktop/FruitLineSaga_Cocos/FruitLineSaga/FruitLineSaga_Cocos/assets/Script/GameManager/GameController.ts as file:///Users/ADMIN/Desktop/FruitLineSaga_Cocos/FruitLineSaga/FruitLineSaga_Cocos/assets/Script/ScoreManager.ts.
debug: Inspect file:///Users/ADMIN/Desktop/FruitLineSaga_Cocos/FruitLineSaga/FruitLineSaga_Cocos/assets/Script/ScoreManager.ts
debug: Resolve cce:/internal/code-quality/cr.mjs from file:///Users/ADMIN/Desktop/FruitLineSaga_Cocos/FruitLineSaga/FruitLineSaga_Cocos/assets/Script/ScoreManager.ts as cce:/internal/code-quality/cr.mjs.
debug: Resolve cc from file:///Users/ADMIN/Desktop/FruitLineSaga_Cocos/FruitLineSaga/FruitLineSaga_Cocos/assets/Script/ScoreManager.ts as cce:/internal/x/cc.
debug: Resolve cc from file:///Users/ADMIN/Desktop/FruitLineSaga_Cocos/FruitLineSaga/FruitLineSaga_Cocos/assets/Script/ScoreManager.ts as cce:/internal/x/cc.
debug: Resolve cc from file:///Users/ADMIN/Desktop/FruitLineSaga_Cocos/FruitLineSaga/FruitLineSaga_Cocos/assets/Script/ScoreManager.ts as cce:/internal/x/cc.
debug: Resolve ./Utils/DataGame from file:///Users/ADMIN/Desktop/FruitLineSaga_Cocos/FruitLineSaga/FruitLineSaga_Cocos/assets/Script/ScoreManager.ts as file:///Users/ADMIN/Desktop/FruitLineSaga_Cocos/FruitLineSaga/FruitLineSaga_Cocos/assets/Script/Utils/DataGame.ts.
debug: Resolve ../AudioController from file:///Users/ADMIN/Desktop/FruitLineSaga_Cocos/FruitLineSaga/FruitLineSaga_Cocos/assets/Script/GameManager/GameController.ts as file:///Users/ADMIN/Desktop/FruitLineSaga_Cocos/FruitLineSaga/FruitLineSaga_Cocos/assets/Script/AudioController.ts.
debug: Resolve ../GameCenter/GameCenterController from file:///Users/ADMIN/Desktop/FruitLineSaga_Cocos/FruitLineSaga/FruitLineSaga_Cocos/assets/Script/GameManager/GameController.ts as file:///Users/ADMIN/Desktop/FruitLineSaga_Cocos/FruitLineSaga/FruitLineSaga_Cocos/assets/Script/GameCenter/GameCenterController.ts.
debug: Resolve ../PrefabControl/LevelBar from file:///Users/ADMIN/Desktop/FruitLineSaga_Cocos/FruitLineSaga/FruitLineSaga_Cocos/assets/Script/GameManager/GameController.ts as file:///Users/ADMIN/Desktop/FruitLineSaga_Cocos/FruitLineSaga/FruitLineSaga_Cocos/assets/Script/PrefabControl/LevelBar.ts.
debug: Inspect file:///Users/ADMIN/Desktop/FruitLineSaga_Cocos/FruitLineSaga/FruitLineSaga_Cocos/assets/Script/PrefabControl/LevelBar.ts
debug: Resolve cc from file:///Users/ADMIN/Desktop/FruitLineSaga_Cocos/FruitLineSaga/FruitLineSaga_Cocos/assets/Script/PrefabControl/LevelBar.ts as cce:/internal/x/cc.
debug: Resolve cc from file:///Users/ADMIN/Desktop/FruitLineSaga_Cocos/FruitLineSaga/FruitLineSaga_Cocos/assets/Script/PrefabControl/LevelBar.ts as cce:/internal/x/cc.
debug: Resolve cc from file:///Users/ADMIN/Desktop/FruitLineSaga_Cocos/FruitLineSaga/FruitLineSaga_Cocos/assets/Script/PrefabControl/LevelBar.ts as cce:/internal/x/cc.
debug: Resolve ../../Leaderboard/Script/LeaderboardHandle from file:///Users/ADMIN/Desktop/FruitLineSaga_Cocos/FruitLineSaga/FruitLineSaga_Cocos/assets/Script/GameManager/GameController.ts as file:///Users/ADMIN/Desktop/FruitLineSaga_Cocos/FruitLineSaga/FruitLineSaga_Cocos/assets/Leaderboard/Script/LeaderboardHandle.ts.
debug: Resolve file:///Users/ADMIN/Desktop/FruitLineSaga_Cocos/FruitLineSaga/FruitLineSaga_Cocos/assets/Script/GameManager/GameView.ts from cce:/internal/x/prerequisite-imports as file:///Users/ADMIN/Desktop/FruitLineSaga_Cocos/FruitLineSaga/FruitLineSaga_Cocos/assets/Script/GameManager/GameView.ts.
debug: Resolve file:///Users/ADMIN/Desktop/FruitLineSaga_Cocos/FruitLineSaga/FruitLineSaga_Cocos/assets/Script/GameManager/MatrixManager.ts from cce:/internal/x/prerequisite-imports as file:///Users/ADMIN/Desktop/FruitLineSaga_Cocos/FruitLineSaga/FruitLineSaga_Cocos/assets/Script/GameManager/MatrixManager.ts.
debug: Resolve file:///Users/ADMIN/Desktop/FruitLineSaga_Cocos/FruitLineSaga/FruitLineSaga_Cocos/assets/Script/MenuManager.ts from cce:/internal/x/prerequisite-imports as file:///Users/ADMIN/Desktop/FruitLineSaga_Cocos/FruitLineSaga/FruitLineSaga_Cocos/assets/Script/MenuManager.ts.
debug: Inspect file:///Users/ADMIN/Desktop/FruitLineSaga_Cocos/FruitLineSaga/FruitLineSaga_Cocos/assets/Script/MenuManager.ts
debug: Resolve cce:/internal/code-quality/cr.mjs from file:///Users/ADMIN/Desktop/FruitLineSaga_Cocos/FruitLineSaga/FruitLineSaga_Cocos/assets/Script/MenuManager.ts as cce:/internal/code-quality/cr.mjs.
debug: Resolve cc from file:///Users/ADMIN/Desktop/FruitLineSaga_Cocos/FruitLineSaga/FruitLineSaga_Cocos/assets/Script/MenuManager.ts as cce:/internal/x/cc.
debug: Resolve cc from file:///Users/ADMIN/Desktop/FruitLineSaga_Cocos/FruitLineSaga/FruitLineSaga_Cocos/assets/Script/MenuManager.ts as cce:/internal/x/cc.
debug: Resolve cc from file:///Users/ADMIN/Desktop/FruitLineSaga_Cocos/FruitLineSaga/FruitLineSaga_Cocos/assets/Script/MenuManager.ts as cce:/internal/x/cc.
debug: Resolve ./Utils/Constants from file:///Users/ADMIN/Desktop/FruitLineSaga_Cocos/FruitLineSaga/FruitLineSaga_Cocos/assets/Script/MenuManager.ts as file:///Users/ADMIN/Desktop/FruitLineSaga_Cocos/FruitLineSaga/FruitLineSaga_Cocos/assets/Script/Utils/Constants.ts.
debug: Resolve file:///Users/ADMIN/Desktop/FruitLineSaga_Cocos/FruitLineSaga/FruitLineSaga_Cocos/assets/Script/NodeModal.ts from cce:/internal/x/prerequisite-imports as file:///Users/ADMIN/Desktop/FruitLineSaga_Cocos/FruitLineSaga/FruitLineSaga_Cocos/assets/Script/NodeModal.ts.
debug: Resolve file:///Users/ADMIN/Desktop/FruitLineSaga_Cocos/FruitLineSaga/FruitLineSaga_Cocos/assets/Script/PoolManager.ts from cce:/internal/x/prerequisite-imports as file:///Users/ADMIN/Desktop/FruitLineSaga_Cocos/FruitLineSaga/FruitLineSaga_Cocos/assets/Script/PoolManager.ts.
debug: Resolve file:///Users/ADMIN/Desktop/FruitLineSaga_Cocos/FruitLineSaga/FruitLineSaga_Cocos/assets/Script/PrefabControl/AnimationScore.ts from cce:/internal/x/prerequisite-imports as file:///Users/ADMIN/Desktop/FruitLineSaga_Cocos/FruitLineSaga/FruitLineSaga_Cocos/assets/Script/PrefabControl/AnimationScore.ts.
debug: Resolve file:///Users/ADMIN/Desktop/FruitLineSaga_Cocos/FruitLineSaga/FruitLineSaga_Cocos/assets/Script/PrefabControl/Cell.ts from cce:/internal/x/prerequisite-imports as file:///Users/ADMIN/Desktop/FruitLineSaga_Cocos/FruitLineSaga/FruitLineSaga_Cocos/assets/Script/PrefabControl/Cell.ts.
debug: Resolve file:///Users/ADMIN/Desktop/FruitLineSaga_Cocos/FruitLineSaga/FruitLineSaga_Cocos/assets/Script/PrefabControl/LevelBar.ts from cce:/internal/x/prerequisite-imports as file:///Users/ADMIN/Desktop/FruitLineSaga_Cocos/FruitLineSaga/FruitLineSaga_Cocos/assets/Script/PrefabControl/LevelBar.ts.
debug: Resolve file:///Users/ADMIN/Desktop/FruitLineSaga_Cocos/FruitLineSaga/FruitLineSaga_Cocos/assets/Script/ScoreManager.ts from cce:/internal/x/prerequisite-imports as file:///Users/ADMIN/Desktop/FruitLineSaga_Cocos/FruitLineSaga/FruitLineSaga_Cocos/assets/Script/ScoreManager.ts.
debug: Resolve file:///Users/ADMIN/Desktop/FruitLineSaga_Cocos/FruitLineSaga/FruitLineSaga_Cocos/assets/Script/Splash.ts from cce:/internal/x/prerequisite-imports as file:///Users/ADMIN/Desktop/FruitLineSaga_Cocos/FruitLineSaga/FruitLineSaga_Cocos/assets/Script/Splash.ts.
debug: Inspect file:///Users/ADMIN/Desktop/FruitLineSaga_Cocos/FruitLineSaga/FruitLineSaga_Cocos/assets/Script/Splash.ts
debug: Resolve cce:/internal/code-quality/cr.mjs from file:///Users/ADMIN/Desktop/FruitLineSaga_Cocos/FruitLineSaga/FruitLineSaga_Cocos/assets/Script/Splash.ts as cce:/internal/code-quality/cr.mjs.
debug: Resolve cc from file:///Users/ADMIN/Desktop/FruitLineSaga_Cocos/FruitLineSaga/FruitLineSaga_Cocos/assets/Script/Splash.ts as cce:/internal/x/cc.
debug: Resolve cc from file:///Users/ADMIN/Desktop/FruitLineSaga_Cocos/FruitLineSaga/FruitLineSaga_Cocos/assets/Script/Splash.ts as cce:/internal/x/cc.
debug: Resolve cc from file:///Users/ADMIN/Desktop/FruitLineSaga_Cocos/FruitLineSaga/FruitLineSaga_Cocos/assets/Script/Splash.ts as cce:/internal/x/cc.
debug: Resolve ./Utils/Constants from file:///Users/ADMIN/Desktop/FruitLineSaga_Cocos/FruitLineSaga/FruitLineSaga_Cocos/assets/Script/Splash.ts as file:///Users/ADMIN/Desktop/FruitLineSaga_Cocos/FruitLineSaga/FruitLineSaga_Cocos/assets/Script/Utils/Constants.ts.
debug: Resolve ./Utils/DataGame from file:///Users/ADMIN/Desktop/FruitLineSaga_Cocos/FruitLineSaga/FruitLineSaga_Cocos/assets/Script/Splash.ts as file:///Users/ADMIN/Desktop/FruitLineSaga_Cocos/FruitLineSaga/FruitLineSaga_Cocos/assets/Script/Utils/DataGame.ts.
debug: Resolve file:///Users/ADMIN/Desktop/FruitLineSaga_Cocos/FruitLineSaga/FruitLineSaga_Cocos/assets/Script/Tutorial.ts from cce:/internal/x/prerequisite-imports as file:///Users/ADMIN/Desktop/FruitLineSaga_Cocos/FruitLineSaga/FruitLineSaga_Cocos/assets/Script/Tutorial.ts.
debug: Inspect file:///Users/ADMIN/Desktop/FruitLineSaga_Cocos/FruitLineSaga/FruitLineSaga_Cocos/assets/Script/Tutorial.ts
debug: Resolve cc from file:///Users/ADMIN/Desktop/FruitLineSaga_Cocos/FruitLineSaga/FruitLineSaga_Cocos/assets/Script/Tutorial.ts as cce:/internal/x/cc.
debug: Resolve cc from file:///Users/ADMIN/Desktop/FruitLineSaga_Cocos/FruitLineSaga/FruitLineSaga_Cocos/assets/Script/Tutorial.ts as cce:/internal/x/cc.
debug: Resolve cc from file:///Users/ADMIN/Desktop/FruitLineSaga_Cocos/FruitLineSaga/FruitLineSaga_Cocos/assets/Script/Tutorial.ts as cce:/internal/x/cc.
debug: Resolve file:///Users/ADMIN/Desktop/FruitLineSaga_Cocos/FruitLineSaga/FruitLineSaga_Cocos/assets/Script/Utils/Constants.ts from cce:/internal/x/prerequisite-imports as file:///Users/ADMIN/Desktop/FruitLineSaga_Cocos/FruitLineSaga/FruitLineSaga_Cocos/assets/Script/Utils/Constants.ts.
debug: Resolve file:///Users/ADMIN/Desktop/FruitLineSaga_Cocos/FruitLineSaga/FruitLineSaga_Cocos/assets/Script/Utils/DataGame.ts from cce:/internal/x/prerequisite-imports as file:///Users/ADMIN/Desktop/FruitLineSaga_Cocos/FruitLineSaga/FruitLineSaga_Cocos/assets/Script/Utils/DataGame.ts.
debug: Resolve file:///Users/ADMIN/Desktop/FruitLineSaga_Cocos/FruitLineSaga/FruitLineSaga_Cocos/assets/Script/Utils/DataTypes.ts from cce:/internal/x/prerequisite-imports as file:///Users/ADMIN/Desktop/FruitLineSaga_Cocos/FruitLineSaga/FruitLineSaga_Cocos/assets/Script/Utils/DataTypes.ts.
debug: Target(editor) ends with cost 481.1762500000186ms.
debug: Target(preview) build started.
debug: Detected change: cce:/internal/x/cc. Last mtime: Wed Dec 31 1969 16:00:09 GMT-0800 (Pacific Standard Time), Current mtime: Wed Dec 31 1969 16:00:03 GMT-0800 (Pacific Standard Time)
debug: Inspect cce:/internal/x/cc
debug: Resolve cce:/internal/x/cc-fu/2d from cce:/internal/x/cc as external dependency cce:/internal/x/cc-fu/2d.
debug: Resolve cce:/internal/x/cc-fu/sorting from cce:/internal/x/cc as external dependency cce:/internal/x/cc-fu/sorting.
debug: Resolve cce:/internal/x/cc-fu/animation from cce:/internal/x/cc as external dependency cce:/internal/x/cc-fu/animation.
debug: Resolve cce:/internal/x/cc-fu/audio from cce:/internal/x/cc as external dependency cce:/internal/x/cc-fu/audio.
debug: Resolve cce:/internal/x/cc-fu/base from cce:/internal/x/cc as external dependency cce:/internal/x/cc-fu/base.
debug: Resolve cce:/internal/x/cc-fu/dragon-bones from cce:/internal/x/cc as external dependency cce:/internal/x/cc-fu/dragon-bones.
debug: Resolve cce:/internal/x/cc-fu/gfx-webgl from cce:/internal/x/cc as external dependency cce:/internal/x/cc-fu/gfx-webgl.
debug: Resolve cce:/internal/x/cc-fu/gfx-webgl2 from cce:/internal/x/cc as external dependency cce:/internal/x/cc-fu/gfx-webgl2.
debug: Resolve cce:/internal/x/cc-fu/intersection-2d from cce:/internal/x/cc as external dependency cce:/internal/x/cc-fu/intersection-2d.
debug: Resolve cce:/internal/x/cc-fu/light-probe from cce:/internal/x/cc as external dependency cce:/internal/x/cc-fu/light-probe.
debug: Resolve cce:/internal/x/cc-fu/particle-2d from cce:/internal/x/cc as external dependency cce:/internal/x/cc-fu/particle-2d.
debug: Resolve cce:/internal/x/cc-fu/physics-2d-box2d from cce:/internal/x/cc as external dependency cce:/internal/x/cc-fu/physics-2d-box2d.
debug: Resolve cce:/internal/x/cc-fu/physics-2d-framework from cce:/internal/x/cc as external dependency cce:/internal/x/cc-fu/physics-2d-framework.
debug: Resolve cce:/internal/x/cc-fu/profiler from cce:/internal/x/cc as external dependency cce:/internal/x/cc-fu/profiler.
debug: Resolve cce:/internal/x/cc-fu/spine from cce:/internal/x/cc as external dependency cce:/internal/x/cc-fu/spine.
debug: Resolve cce:/internal/x/cc-fu/tiled-map from cce:/internal/x/cc as external dependency cce:/internal/x/cc-fu/tiled-map.
debug: Resolve cce:/internal/x/cc-fu/tween from cce:/internal/x/cc as external dependency cce:/internal/x/cc-fu/tween.
debug: Resolve cce:/internal/x/cc-fu/ui from cce:/internal/x/cc as external dependency cce:/internal/x/cc-fu/ui.
debug: Resolve cce:/internal/x/cc-fu/video from cce:/internal/x/cc as external dependency cce:/internal/x/cc-fu/video.
debug: Resolve cce:/internal/x/cc-fu/webview from cce:/internal/x/cc as external dependency cce:/internal/x/cc-fu/webview.
debug: Detected change: cce:/internal/x/prerequisite-imports. Last mtime: Wed Dec 31 1969 16:09:49 GMT-0800 (Pacific Standard Time), Current mtime: Wed Dec 31 1969 16:00:03 GMT-0800 (Pacific Standard Time)
debug: Inspect cce:/internal/x/prerequisite-imports
debug: Resolve file:///Applications/Cocos/Creator/3.7.4/CocosCreator.app/Contents/Resources/resources/3d/engine/editor/assets/tools/debug-view-runtime-control.ts from cce:/internal/x/prerequisite-imports as file:///Applications/Cocos/Creator/3.7.4/CocosCreator.app/Contents/Resources/resources/3d/engine/editor/assets/tools/debug-view-runtime-control.ts.
debug: Resolve cc from file:///Applications/Cocos/Creator/3.7.4/CocosCreator.app/Contents/Resources/resources/3d/engine/editor/assets/tools/debug-view-runtime-control.ts as cce:/internal/x/cc.
debug: Resolve cc from file:///Applications/Cocos/Creator/3.7.4/CocosCreator.app/Contents/Resources/resources/3d/engine/editor/assets/tools/debug-view-runtime-control.ts as cce:/internal/x/cc.
debug: Resolve cc from file:///Applications/Cocos/Creator/3.7.4/CocosCreator.app/Contents/Resources/resources/3d/engine/editor/assets/tools/debug-view-runtime-control.ts as cce:/internal/x/cc.
debug: Resolve file:///Users/ADMIN/Desktop/FruitLineSaga_Cocos/FruitLineSaga/FruitLineSaga_Cocos/assets/Leaderboard/Script/ItemLeaderboard.ts from cce:/internal/x/prerequisite-imports as file:///Users/ADMIN/Desktop/FruitLineSaga_Cocos/FruitLineSaga/FruitLineSaga_Cocos/assets/Leaderboard/Script/ItemLeaderboard.ts.
debug: Inspect file:///Users/ADMIN/Desktop/FruitLineSaga_Cocos/FruitLineSaga/FruitLineSaga_Cocos/assets/Leaderboard/Script/ItemLeaderboard.ts
debug: Resolve cc from file:///Users/ADMIN/Desktop/FruitLineSaga_Cocos/FruitLineSaga/FruitLineSaga_Cocos/assets/Leaderboard/Script/ItemLeaderboard.ts as cce:/internal/x/cc.
debug: Resolve cc from file:///Users/ADMIN/Desktop/FruitLineSaga_Cocos/FruitLineSaga/FruitLineSaga_Cocos/assets/Leaderboard/Script/ItemLeaderboard.ts as cce:/internal/x/cc.
debug: Resolve cc from file:///Users/ADMIN/Desktop/FruitLineSaga_Cocos/FruitLineSaga/FruitLineSaga_Cocos/assets/Leaderboard/Script/ItemLeaderboard.ts as cce:/internal/x/cc.
debug: Resolve file:///Users/ADMIN/Desktop/FruitLineSaga_Cocos/FruitLineSaga/FruitLineSaga_Cocos/assets/Leaderboard/Script/LeaderboardHandle.ts from cce:/internal/x/prerequisite-imports as file:///Users/ADMIN/Desktop/FruitLineSaga_Cocos/FruitLineSaga/FruitLineSaga_Cocos/assets/Leaderboard/Script/LeaderboardHandle.ts.
debug: Inspect file:///Users/ADMIN/Desktop/FruitLineSaga_Cocos/FruitLineSaga/FruitLineSaga_Cocos/assets/Leaderboard/Script/LeaderboardHandle.ts
debug: Resolve cce:/internal/code-quality/cr.mjs from file:///Users/ADMIN/Desktop/FruitLineSaga_Cocos/FruitLineSaga/FruitLineSaga_Cocos/assets/Leaderboard/Script/LeaderboardHandle.ts as cce:/internal/code-quality/cr.mjs.
debug: Detected change: cce:/internal/code-quality/cr.mjs. Last mtime: Mon May 12 2025 09:22:57 GMT-0700 (Pacific Daylight Time), Current mtime: Mon May 12 2025 09:35:25 GMT-0700 (Pacific Daylight Time)
debug: Inspect cce:/internal/code-quality/cr.mjs
debug: Resolve cc from file:///Users/ADMIN/Desktop/FruitLineSaga_Cocos/FruitLineSaga/FruitLineSaga_Cocos/assets/Leaderboard/Script/LeaderboardHandle.ts as cce:/internal/x/cc.
debug: Resolve cc from file:///Users/ADMIN/Desktop/FruitLineSaga_Cocos/FruitLineSaga/FruitLineSaga_Cocos/assets/Leaderboard/Script/LeaderboardHandle.ts as cce:/internal/x/cc.
debug: Resolve cc from file:///Users/ADMIN/Desktop/FruitLineSaga_Cocos/FruitLineSaga/FruitLineSaga_Cocos/assets/Leaderboard/Script/LeaderboardHandle.ts as cce:/internal/x/cc.
debug: Resolve ./ItemLeaderboard from file:///Users/ADMIN/Desktop/FruitLineSaga_Cocos/FruitLineSaga/FruitLineSaga_Cocos/assets/Leaderboard/Script/LeaderboardHandle.ts as file:///Users/ADMIN/Desktop/FruitLineSaga_Cocos/FruitLineSaga/FruitLineSaga_Cocos/assets/Leaderboard/Script/ItemLeaderboard.ts.
debug: Resolve ../../Script/GameCenter/GameCenterController from file:///Users/ADMIN/Desktop/FruitLineSaga_Cocos/FruitLineSaga/FruitLineSaga_Cocos/assets/Leaderboard/Script/LeaderboardHandle.ts as file:///Users/ADMIN/Desktop/FruitLineSaga_Cocos/FruitLineSaga/FruitLineSaga_Cocos/assets/Script/GameCenter/GameCenterController.ts.
debug: Inspect file:///Users/ADMIN/Desktop/FruitLineSaga_Cocos/FruitLineSaga/FruitLineSaga_Cocos/assets/Script/GameCenter/GameCenterController.ts
debug: Resolve cce:/internal/code-quality/cr.mjs from file:///Users/ADMIN/Desktop/FruitLineSaga_Cocos/FruitLineSaga/FruitLineSaga_Cocos/assets/Script/GameCenter/GameCenterController.ts as cce:/internal/code-quality/cr.mjs.
debug: Resolve cc from file:///Users/ADMIN/Desktop/FruitLineSaga_Cocos/FruitLineSaga/FruitLineSaga_Cocos/assets/Script/GameCenter/GameCenterController.ts as cce:/internal/x/cc.
debug: Resolve cc from file:///Users/ADMIN/Desktop/FruitLineSaga_Cocos/FruitLineSaga/FruitLineSaga_Cocos/assets/Script/GameCenter/GameCenterController.ts as cce:/internal/x/cc.
debug: Resolve cc from file:///Users/ADMIN/Desktop/FruitLineSaga_Cocos/FruitLineSaga/FruitLineSaga_Cocos/assets/Script/GameCenter/GameCenterController.ts as cce:/internal/x/cc.
debug: Resolve ../Utils/Constants from file:///Users/ADMIN/Desktop/FruitLineSaga_Cocos/FruitLineSaga/FruitLineSaga_Cocos/assets/Script/GameCenter/GameCenterController.ts as file:///Users/ADMIN/Desktop/FruitLineSaga_Cocos/FruitLineSaga/FruitLineSaga_Cocos/assets/Script/Utils/Constants.ts.
debug: Inspect file:///Users/ADMIN/Desktop/FruitLineSaga_Cocos/FruitLineSaga/FruitLineSaga_Cocos/assets/Script/Utils/Constants.ts
debug: Resolve cc from file:///Users/ADMIN/Desktop/FruitLineSaga_Cocos/FruitLineSaga/FruitLineSaga_Cocos/assets/Script/Utils/Constants.ts as cce:/internal/x/cc.
debug: Resolve ../Utils/DataGame from file:///Users/ADMIN/Desktop/FruitLineSaga_Cocos/FruitLineSaga/FruitLineSaga_Cocos/assets/Script/GameCenter/GameCenterController.ts as file:///Users/ADMIN/Desktop/FruitLineSaga_Cocos/FruitLineSaga/FruitLineSaga_Cocos/assets/Script/Utils/DataGame.ts.
debug: Inspect file:///Users/ADMIN/Desktop/FruitLineSaga_Cocos/FruitLineSaga/FruitLineSaga_Cocos/assets/Script/Utils/DataGame.ts
debug: Resolve cce:/internal/code-quality/cr.mjs from file:///Users/ADMIN/Desktop/FruitLineSaga_Cocos/FruitLineSaga/FruitLineSaga_Cocos/assets/Script/Utils/DataGame.ts as cce:/internal/code-quality/cr.mjs.
debug: Resolve cc from file:///Users/ADMIN/Desktop/FruitLineSaga_Cocos/FruitLineSaga/FruitLineSaga_Cocos/assets/Script/Utils/DataGame.ts as cce:/internal/x/cc.
debug: Resolve ./StoreAPI from file:///Users/ADMIN/Desktop/FruitLineSaga_Cocos/FruitLineSaga/FruitLineSaga_Cocos/assets/Script/GameCenter/GameCenterController.ts as file:///Users/ADMIN/Desktop/FruitLineSaga_Cocos/FruitLineSaga/FruitLineSaga_Cocos/assets/Script/GameCenter/StoreAPI.ts.
debug: Inspect file:///Users/ADMIN/Desktop/FruitLineSaga_Cocos/FruitLineSaga/FruitLineSaga_Cocos/assets/Script/GameCenter/StoreAPI.ts
debug: Resolve cc from file:///Users/ADMIN/Desktop/FruitLineSaga_Cocos/FruitLineSaga/FruitLineSaga_Cocos/assets/Script/GameCenter/StoreAPI.ts as cce:/internal/x/cc.
debug: Resolve cc from file:///Users/ADMIN/Desktop/FruitLineSaga_Cocos/FruitLineSaga/FruitLineSaga_Cocos/assets/Script/GameCenter/StoreAPI.ts as cce:/internal/x/cc.
debug: Resolve cc from file:///Users/ADMIN/Desktop/FruitLineSaga_Cocos/FruitLineSaga/FruitLineSaga_Cocos/assets/Script/GameCenter/StoreAPI.ts as cce:/internal/x/cc.
debug: Resolve file:///Users/ADMIN/Desktop/FruitLineSaga_Cocos/FruitLineSaga/FruitLineSaga_Cocos/assets/Script/AudioController.ts from cce:/internal/x/prerequisite-imports as file:///Users/ADMIN/Desktop/FruitLineSaga_Cocos/FruitLineSaga/FruitLineSaga_Cocos/assets/Script/AudioController.ts.
debug: Inspect file:///Users/ADMIN/Desktop/FruitLineSaga_Cocos/FruitLineSaga/FruitLineSaga_Cocos/assets/Script/AudioController.ts
debug: Resolve cce:/internal/code-quality/cr.mjs from file:///Users/ADMIN/Desktop/FruitLineSaga_Cocos/FruitLineSaga/FruitLineSaga_Cocos/assets/Script/AudioController.ts as cce:/internal/code-quality/cr.mjs.
debug: Resolve cc from file:///Users/ADMIN/Desktop/FruitLineSaga_Cocos/FruitLineSaga/FruitLineSaga_Cocos/assets/Script/AudioController.ts as cce:/internal/x/cc.
debug: Resolve cc from file:///Users/ADMIN/Desktop/FruitLineSaga_Cocos/FruitLineSaga/FruitLineSaga_Cocos/assets/Script/AudioController.ts as cce:/internal/x/cc.
debug: Resolve cc from file:///Users/ADMIN/Desktop/FruitLineSaga_Cocos/FruitLineSaga/FruitLineSaga_Cocos/assets/Script/AudioController.ts as cce:/internal/x/cc.
debug: Resolve ./Utils/DataGame from file:///Users/ADMIN/Desktop/FruitLineSaga_Cocos/FruitLineSaga/FruitLineSaga_Cocos/assets/Script/AudioController.ts as file:///Users/ADMIN/Desktop/FruitLineSaga_Cocos/FruitLineSaga/FruitLineSaga_Cocos/assets/Script/Utils/DataGame.ts.
debug: Resolve ./Utils/DataTypes from file:///Users/ADMIN/Desktop/FruitLineSaga_Cocos/FruitLineSaga/FruitLineSaga_Cocos/assets/Script/AudioController.ts as file:///Users/ADMIN/Desktop/FruitLineSaga_Cocos/FruitLineSaga/FruitLineSaga_Cocos/assets/Script/Utils/DataTypes.ts.
debug: Inspect file:///Users/ADMIN/Desktop/FruitLineSaga_Cocos/FruitLineSaga/FruitLineSaga_Cocos/assets/Script/Utils/DataTypes.ts
debug: Resolve cc from file:///Users/ADMIN/Desktop/FruitLineSaga_Cocos/FruitLineSaga/FruitLineSaga_Cocos/assets/Script/Utils/DataTypes.ts as cce:/internal/x/cc.
debug: Resolve cc from file:///Users/ADMIN/Desktop/FruitLineSaga_Cocos/FruitLineSaga/FruitLineSaga_Cocos/assets/Script/Utils/DataTypes.ts as cce:/internal/x/cc.
debug: Resolve file:///Users/ADMIN/Desktop/FruitLineSaga_Cocos/FruitLineSaga/FruitLineSaga_Cocos/assets/Script/EntryManager.ts from cce:/internal/x/prerequisite-imports as file:///Users/ADMIN/Desktop/FruitLineSaga_Cocos/FruitLineSaga/FruitLineSaga_Cocos/assets/Script/EntryManager.ts.
debug: Inspect file:///Users/ADMIN/Desktop/FruitLineSaga_Cocos/FruitLineSaga/FruitLineSaga_Cocos/assets/Script/EntryManager.ts
debug: Resolve cce:/internal/code-quality/cr.mjs from file:///Users/ADMIN/Desktop/FruitLineSaga_Cocos/FruitLineSaga/FruitLineSaga_Cocos/assets/Script/EntryManager.ts as cce:/internal/code-quality/cr.mjs.
debug: Resolve cc from file:///Users/ADMIN/Desktop/FruitLineSaga_Cocos/FruitLineSaga/FruitLineSaga_Cocos/assets/Script/EntryManager.ts as cce:/internal/x/cc.
debug: Resolve cc from file:///Users/ADMIN/Desktop/FruitLineSaga_Cocos/FruitLineSaga/FruitLineSaga_Cocos/assets/Script/EntryManager.ts as cce:/internal/x/cc.
debug: Resolve cc from file:///Users/ADMIN/Desktop/FruitLineSaga_Cocos/FruitLineSaga/FruitLineSaga_Cocos/assets/Script/EntryManager.ts as cce:/internal/x/cc.
debug: Resolve ./GameCenter/GameCenterController from file:///Users/ADMIN/Desktop/FruitLineSaga_Cocos/FruitLineSaga/FruitLineSaga_Cocos/assets/Script/EntryManager.ts as file:///Users/ADMIN/Desktop/FruitLineSaga_Cocos/FruitLineSaga/FruitLineSaga_Cocos/assets/Script/GameCenter/GameCenterController.ts.
debug: Resolve ./Utils/Constants from file:///Users/ADMIN/Desktop/FruitLineSaga_Cocos/FruitLineSaga/FruitLineSaga_Cocos/assets/Script/EntryManager.ts as file:///Users/ADMIN/Desktop/FruitLineSaga_Cocos/FruitLineSaga/FruitLineSaga_Cocos/assets/Script/Utils/Constants.ts.
debug: Resolve ./Utils/DataGame from file:///Users/ADMIN/Desktop/FruitLineSaga_Cocos/FruitLineSaga/FruitLineSaga_Cocos/assets/Script/EntryManager.ts as file:///Users/ADMIN/Desktop/FruitLineSaga_Cocos/FruitLineSaga/FruitLineSaga_Cocos/assets/Script/Utils/DataGame.ts.
debug: Resolve file:///Users/ADMIN/Desktop/FruitLineSaga_Cocos/FruitLineSaga/FruitLineSaga_Cocos/assets/Script/GameCenter/GameCenterController.ts from cce:/internal/x/prerequisite-imports as file:///Users/ADMIN/Desktop/FruitLineSaga_Cocos/FruitLineSaga/FruitLineSaga_Cocos/assets/Script/GameCenter/GameCenterController.ts.
debug: Resolve file:///Users/ADMIN/Desktop/FruitLineSaga_Cocos/FruitLineSaga/FruitLineSaga_Cocos/assets/Script/GameCenter/StoreAPI.ts from cce:/internal/x/prerequisite-imports as file:///Users/ADMIN/Desktop/FruitLineSaga_Cocos/FruitLineSaga/FruitLineSaga_Cocos/assets/Script/GameCenter/StoreAPI.ts.
debug: Resolve file:///Users/ADMIN/Desktop/FruitLineSaga_Cocos/FruitLineSaga/FruitLineSaga_Cocos/assets/Script/GameManager/GameController.ts from cce:/internal/x/prerequisite-imports as file:///Users/ADMIN/Desktop/FruitLineSaga_Cocos/FruitLineSaga/FruitLineSaga_Cocos/assets/Script/GameManager/GameController.ts.
debug: Inspect file:///Users/ADMIN/Desktop/FruitLineSaga_Cocos/FruitLineSaga/FruitLineSaga_Cocos/assets/Script/GameManager/GameController.ts
debug: Resolve cce:/internal/code-quality/cr.mjs from file:///Users/ADMIN/Desktop/FruitLineSaga_Cocos/FruitLineSaga/FruitLineSaga_Cocos/assets/Script/GameManager/GameController.ts as cce:/internal/code-quality/cr.mjs.
debug: Resolve cc from file:///Users/ADMIN/Desktop/FruitLineSaga_Cocos/FruitLineSaga/FruitLineSaga_Cocos/assets/Script/GameManager/GameController.ts as cce:/internal/x/cc.
debug: Resolve cc from file:///Users/ADMIN/Desktop/FruitLineSaga_Cocos/FruitLineSaga/FruitLineSaga_Cocos/assets/Script/GameManager/GameController.ts as cce:/internal/x/cc.
debug: Resolve ./../Utils/DataTypes from file:///Users/ADMIN/Desktop/FruitLineSaga_Cocos/FruitLineSaga/FruitLineSaga_Cocos/assets/Script/GameManager/GameController.ts as file:///Users/ADMIN/Desktop/FruitLineSaga_Cocos/FruitLineSaga/FruitLineSaga_Cocos/assets/Script/Utils/DataTypes.ts.
debug: Resolve cc from file:///Users/ADMIN/Desktop/FruitLineSaga_Cocos/FruitLineSaga/FruitLineSaga_Cocos/assets/Script/GameManager/GameController.ts as cce:/internal/x/cc.
debug: Resolve ./MatrixManager from file:///Users/ADMIN/Desktop/FruitLineSaga_Cocos/FruitLineSaga/FruitLineSaga_Cocos/assets/Script/GameManager/GameController.ts as file:///Users/ADMIN/Desktop/FruitLineSaga_Cocos/FruitLineSaga/FruitLineSaga_Cocos/assets/Script/GameManager/MatrixManager.ts.
debug: Inspect file:///Users/ADMIN/Desktop/FruitLineSaga_Cocos/FruitLineSaga/FruitLineSaga_Cocos/assets/Script/GameManager/MatrixManager.ts
debug: Resolve cce:/internal/code-quality/cr.mjs from file:///Users/ADMIN/Desktop/FruitLineSaga_Cocos/FruitLineSaga/FruitLineSaga_Cocos/assets/Script/GameManager/MatrixManager.ts as cce:/internal/code-quality/cr.mjs.
debug: Resolve cc from file:///Users/ADMIN/Desktop/FruitLineSaga_Cocos/FruitLineSaga/FruitLineSaga_Cocos/assets/Script/GameManager/MatrixManager.ts as cce:/internal/x/cc.
debug: Resolve cc from file:///Users/ADMIN/Desktop/FruitLineSaga_Cocos/FruitLineSaga/FruitLineSaga_Cocos/assets/Script/GameManager/MatrixManager.ts as cce:/internal/x/cc.
debug: Resolve cc from file:///Users/ADMIN/Desktop/FruitLineSaga_Cocos/FruitLineSaga/FruitLineSaga_Cocos/assets/Script/GameManager/MatrixManager.ts as cce:/internal/x/cc.
debug: Resolve ../Utils/Constants from file:///Users/ADMIN/Desktop/FruitLineSaga_Cocos/FruitLineSaga/FruitLineSaga_Cocos/assets/Script/GameManager/MatrixManager.ts as file:///Users/ADMIN/Desktop/FruitLineSaga_Cocos/FruitLineSaga/FruitLineSaga_Cocos/assets/Script/Utils/Constants.ts.
debug: Resolve ./GameView from file:///Users/ADMIN/Desktop/FruitLineSaga_Cocos/FruitLineSaga/FruitLineSaga_Cocos/assets/Script/GameManager/GameController.ts as file:///Users/ADMIN/Desktop/FruitLineSaga_Cocos/FruitLineSaga/FruitLineSaga_Cocos/assets/Script/GameManager/GameView.ts.
debug: Inspect file:///Users/ADMIN/Desktop/FruitLineSaga_Cocos/FruitLineSaga/FruitLineSaga_Cocos/assets/Script/GameManager/GameView.ts
debug: Resolve cce:/internal/code-quality/cr.mjs from file:///Users/ADMIN/Desktop/FruitLineSaga_Cocos/FruitLineSaga/FruitLineSaga_Cocos/assets/Script/GameManager/GameView.ts as cce:/internal/code-quality/cr.mjs.
debug: Resolve cc from file:///Users/ADMIN/Desktop/FruitLineSaga_Cocos/FruitLineSaga/FruitLineSaga_Cocos/assets/Script/GameManager/GameView.ts as cce:/internal/x/cc.
debug: Resolve cc from file:///Users/ADMIN/Desktop/FruitLineSaga_Cocos/FruitLineSaga/FruitLineSaga_Cocos/assets/Script/GameManager/GameView.ts as cce:/internal/x/cc.
debug: Resolve cc from file:///Users/ADMIN/Desktop/FruitLineSaga_Cocos/FruitLineSaga/FruitLineSaga_Cocos/assets/Script/GameManager/GameView.ts as cce:/internal/x/cc.
debug: Resolve ../NodeModal from file:///Users/ADMIN/Desktop/FruitLineSaga_Cocos/FruitLineSaga/FruitLineSaga_Cocos/assets/Script/GameManager/GameView.ts as file:///Users/ADMIN/Desktop/FruitLineSaga_Cocos/FruitLineSaga/FruitLineSaga_Cocos/assets/Script/NodeModal.ts.
debug: Inspect file:///Users/ADMIN/Desktop/FruitLineSaga_Cocos/FruitLineSaga/FruitLineSaga_Cocos/assets/Script/NodeModal.ts
debug: Resolve cc from file:///Users/ADMIN/Desktop/FruitLineSaga_Cocos/FruitLineSaga/FruitLineSaga_Cocos/assets/Script/NodeModal.ts as cce:/internal/x/cc.
debug: Resolve cc from file:///Users/ADMIN/Desktop/FruitLineSaga_Cocos/FruitLineSaga/FruitLineSaga_Cocos/assets/Script/NodeModal.ts as cce:/internal/x/cc.
debug: Resolve cc from file:///Users/ADMIN/Desktop/FruitLineSaga_Cocos/FruitLineSaga/FruitLineSaga_Cocos/assets/Script/NodeModal.ts as cce:/internal/x/cc.
debug: Resolve ../PoolManager from file:///Users/ADMIN/Desktop/FruitLineSaga_Cocos/FruitLineSaga/FruitLineSaga_Cocos/assets/Script/GameManager/GameView.ts as file:///Users/ADMIN/Desktop/FruitLineSaga_Cocos/FruitLineSaga/FruitLineSaga_Cocos/assets/Script/PoolManager.ts.
debug: Inspect file:///Users/ADMIN/Desktop/FruitLineSaga_Cocos/FruitLineSaga/FruitLineSaga_Cocos/assets/Script/PoolManager.ts
debug: Resolve cc from file:///Users/ADMIN/Desktop/FruitLineSaga_Cocos/FruitLineSaga/FruitLineSaga_Cocos/assets/Script/PoolManager.ts as cce:/internal/x/cc.
debug: Resolve cc from file:///Users/ADMIN/Desktop/FruitLineSaga_Cocos/FruitLineSaga/FruitLineSaga_Cocos/assets/Script/PoolManager.ts as cce:/internal/x/cc.
debug: Resolve cc from file:///Users/ADMIN/Desktop/FruitLineSaga_Cocos/FruitLineSaga/FruitLineSaga_Cocos/assets/Script/PoolManager.ts as cce:/internal/x/cc.
debug: Resolve ../Utils/Constants from file:///Users/ADMIN/Desktop/FruitLineSaga_Cocos/FruitLineSaga/FruitLineSaga_Cocos/assets/Script/GameManager/GameView.ts as file:///Users/ADMIN/Desktop/FruitLineSaga_Cocos/FruitLineSaga/FruitLineSaga_Cocos/assets/Script/Utils/Constants.ts.
debug: Resolve ../PrefabControl/Cell from file:///Users/ADMIN/Desktop/FruitLineSaga_Cocos/FruitLineSaga/FruitLineSaga_Cocos/assets/Script/GameManager/GameView.ts as file:///Users/ADMIN/Desktop/FruitLineSaga_Cocos/FruitLineSaga/FruitLineSaga_Cocos/assets/Script/PrefabControl/Cell.ts.
debug: Inspect file:///Users/ADMIN/Desktop/FruitLineSaga_Cocos/FruitLineSaga/FruitLineSaga_Cocos/assets/Script/PrefabControl/Cell.ts
debug: Resolve cce:/internal/code-quality/cr.mjs from file:///Users/ADMIN/Desktop/FruitLineSaga_Cocos/FruitLineSaga/FruitLineSaga_Cocos/assets/Script/PrefabControl/Cell.ts as cce:/internal/code-quality/cr.mjs.
debug: Resolve cc from file:///Users/ADMIN/Desktop/FruitLineSaga_Cocos/FruitLineSaga/FruitLineSaga_Cocos/assets/Script/PrefabControl/Cell.ts as cce:/internal/x/cc.
debug: Resolve cc from file:///Users/ADMIN/Desktop/FruitLineSaga_Cocos/FruitLineSaga/FruitLineSaga_Cocos/assets/Script/PrefabControl/Cell.ts as cce:/internal/x/cc.
debug: Resolve cc from file:///Users/ADMIN/Desktop/FruitLineSaga_Cocos/FruitLineSaga/FruitLineSaga_Cocos/assets/Script/PrefabControl/Cell.ts as cce:/internal/x/cc.
debug: Resolve ../Utils/DataTypes from file:///Users/ADMIN/Desktop/FruitLineSaga_Cocos/FruitLineSaga/FruitLineSaga_Cocos/assets/Script/PrefabControl/Cell.ts as file:///Users/ADMIN/Desktop/FruitLineSaga_Cocos/FruitLineSaga/FruitLineSaga_Cocos/assets/Script/Utils/DataTypes.ts.
debug: Resolve ../Utils/Constants from file:///Users/ADMIN/Desktop/FruitLineSaga_Cocos/FruitLineSaga/FruitLineSaga_Cocos/assets/Script/PrefabControl/Cell.ts as file:///Users/ADMIN/Desktop/FruitLineSaga_Cocos/FruitLineSaga/FruitLineSaga_Cocos/assets/Script/Utils/Constants.ts.
debug: Resolve ../Utils/DataTypes from file:///Users/ADMIN/Desktop/FruitLineSaga_Cocos/FruitLineSaga/FruitLineSaga_Cocos/assets/Script/GameManager/GameView.ts as file:///Users/ADMIN/Desktop/FruitLineSaga_Cocos/FruitLineSaga/FruitLineSaga_Cocos/assets/Script/Utils/DataTypes.ts.
debug: Resolve ../PrefabControl/AnimationScore from file:///Users/ADMIN/Desktop/FruitLineSaga_Cocos/FruitLineSaga/FruitLineSaga_Cocos/assets/Script/GameManager/GameView.ts as file:///Users/ADMIN/Desktop/FruitLineSaga_Cocos/FruitLineSaga/FruitLineSaga_Cocos/assets/Script/PrefabControl/AnimationScore.ts.
debug: Inspect file:///Users/ADMIN/Desktop/FruitLineSaga_Cocos/FruitLineSaga/FruitLineSaga_Cocos/assets/Script/PrefabControl/AnimationScore.ts
debug: Resolve cc from file:///Users/ADMIN/Desktop/FruitLineSaga_Cocos/FruitLineSaga/FruitLineSaga_Cocos/assets/Script/PrefabControl/AnimationScore.ts as cce:/internal/x/cc.
debug: Resolve cc from file:///Users/ADMIN/Desktop/FruitLineSaga_Cocos/FruitLineSaga/FruitLineSaga_Cocos/assets/Script/PrefabControl/AnimationScore.ts as cce:/internal/x/cc.
debug: Resolve cc from file:///Users/ADMIN/Desktop/FruitLineSaga_Cocos/FruitLineSaga/FruitLineSaga_Cocos/assets/Script/PrefabControl/AnimationScore.ts as cce:/internal/x/cc.
debug: Resolve ../NodeModal from file:///Users/ADMIN/Desktop/FruitLineSaga_Cocos/FruitLineSaga/FruitLineSaga_Cocos/assets/Script/GameManager/GameController.ts as file:///Users/ADMIN/Desktop/FruitLineSaga_Cocos/FruitLineSaga/FruitLineSaga_Cocos/assets/Script/NodeModal.ts.
debug: Resolve ../PrefabControl/Cell from file:///Users/ADMIN/Desktop/FruitLineSaga_Cocos/FruitLineSaga/FruitLineSaga_Cocos/assets/Script/GameManager/GameController.ts as file:///Users/ADMIN/Desktop/FruitLineSaga_Cocos/FruitLineSaga/FruitLineSaga_Cocos/assets/Script/PrefabControl/Cell.ts.
debug: Resolve ../Utils/DataTypes from file:///Users/ADMIN/Desktop/FruitLineSaga_Cocos/FruitLineSaga/FruitLineSaga_Cocos/assets/Script/GameManager/GameController.ts as file:///Users/ADMIN/Desktop/FruitLineSaga_Cocos/FruitLineSaga/FruitLineSaga_Cocos/assets/Script/Utils/DataTypes.ts.
debug: Resolve ../Utils/Constants from file:///Users/ADMIN/Desktop/FruitLineSaga_Cocos/FruitLineSaga/FruitLineSaga_Cocos/assets/Script/GameManager/GameController.ts as file:///Users/ADMIN/Desktop/FruitLineSaga_Cocos/FruitLineSaga/FruitLineSaga_Cocos/assets/Script/Utils/Constants.ts.
debug: Resolve ../ScoreManager from file:///Users/ADMIN/Desktop/FruitLineSaga_Cocos/FruitLineSaga/FruitLineSaga_Cocos/assets/Script/GameManager/GameController.ts as file:///Users/ADMIN/Desktop/FruitLineSaga_Cocos/FruitLineSaga/FruitLineSaga_Cocos/assets/Script/ScoreManager.ts.
debug: Inspect file:///Users/ADMIN/Desktop/FruitLineSaga_Cocos/FruitLineSaga/FruitLineSaga_Cocos/assets/Script/ScoreManager.ts
debug: Resolve cce:/internal/code-quality/cr.mjs from file:///Users/ADMIN/Desktop/FruitLineSaga_Cocos/FruitLineSaga/FruitLineSaga_Cocos/assets/Script/ScoreManager.ts as cce:/internal/code-quality/cr.mjs.
debug: Resolve cc from file:///Users/ADMIN/Desktop/FruitLineSaga_Cocos/FruitLineSaga/FruitLineSaga_Cocos/assets/Script/ScoreManager.ts as cce:/internal/x/cc.
debug: Resolve cc from file:///Users/ADMIN/Desktop/FruitLineSaga_Cocos/FruitLineSaga/FruitLineSaga_Cocos/assets/Script/ScoreManager.ts as cce:/internal/x/cc.
debug: Resolve cc from file:///Users/ADMIN/Desktop/FruitLineSaga_Cocos/FruitLineSaga/FruitLineSaga_Cocos/assets/Script/ScoreManager.ts as cce:/internal/x/cc.
debug: Resolve ./Utils/DataGame from file:///Users/ADMIN/Desktop/FruitLineSaga_Cocos/FruitLineSaga/FruitLineSaga_Cocos/assets/Script/ScoreManager.ts as file:///Users/ADMIN/Desktop/FruitLineSaga_Cocos/FruitLineSaga/FruitLineSaga_Cocos/assets/Script/Utils/DataGame.ts.
debug: Resolve ../AudioController from file:///Users/ADMIN/Desktop/FruitLineSaga_Cocos/FruitLineSaga/FruitLineSaga_Cocos/assets/Script/GameManager/GameController.ts as file:///Users/ADMIN/Desktop/FruitLineSaga_Cocos/FruitLineSaga/FruitLineSaga_Cocos/assets/Script/AudioController.ts.
debug: Resolve ../GameCenter/GameCenterController from file:///Users/ADMIN/Desktop/FruitLineSaga_Cocos/FruitLineSaga/FruitLineSaga_Cocos/assets/Script/GameManager/GameController.ts as file:///Users/ADMIN/Desktop/FruitLineSaga_Cocos/FruitLineSaga/FruitLineSaga_Cocos/assets/Script/GameCenter/GameCenterController.ts.
debug: Resolve ../PrefabControl/LevelBar from file:///Users/ADMIN/Desktop/FruitLineSaga_Cocos/FruitLineSaga/FruitLineSaga_Cocos/assets/Script/GameManager/GameController.ts as file:///Users/ADMIN/Desktop/FruitLineSaga_Cocos/FruitLineSaga/FruitLineSaga_Cocos/assets/Script/PrefabControl/LevelBar.ts.
debug: Inspect file:///Users/ADMIN/Desktop/FruitLineSaga_Cocos/FruitLineSaga/FruitLineSaga_Cocos/assets/Script/PrefabControl/LevelBar.ts
debug: Resolve cc from file:///Users/ADMIN/Desktop/FruitLineSaga_Cocos/FruitLineSaga/FruitLineSaga_Cocos/assets/Script/PrefabControl/LevelBar.ts as cce:/internal/x/cc.
debug: Resolve cc from file:///Users/ADMIN/Desktop/FruitLineSaga_Cocos/FruitLineSaga/FruitLineSaga_Cocos/assets/Script/PrefabControl/LevelBar.ts as cce:/internal/x/cc.
debug: Resolve cc from file:///Users/ADMIN/Desktop/FruitLineSaga_Cocos/FruitLineSaga/FruitLineSaga_Cocos/assets/Script/PrefabControl/LevelBar.ts as cce:/internal/x/cc.
debug: Resolve ../../Leaderboard/Script/LeaderboardHandle from file:///Users/ADMIN/Desktop/FruitLineSaga_Cocos/FruitLineSaga/FruitLineSaga_Cocos/assets/Script/GameManager/GameController.ts as file:///Users/ADMIN/Desktop/FruitLineSaga_Cocos/FruitLineSaga/FruitLineSaga_Cocos/assets/Leaderboard/Script/LeaderboardHandle.ts.
debug: Resolve file:///Users/ADMIN/Desktop/FruitLineSaga_Cocos/FruitLineSaga/FruitLineSaga_Cocos/assets/Script/GameManager/GameView.ts from cce:/internal/x/prerequisite-imports as file:///Users/ADMIN/Desktop/FruitLineSaga_Cocos/FruitLineSaga/FruitLineSaga_Cocos/assets/Script/GameManager/GameView.ts.
debug: Resolve file:///Users/ADMIN/Desktop/FruitLineSaga_Cocos/FruitLineSaga/FruitLineSaga_Cocos/assets/Script/GameManager/MatrixManager.ts from cce:/internal/x/prerequisite-imports as file:///Users/ADMIN/Desktop/FruitLineSaga_Cocos/FruitLineSaga/FruitLineSaga_Cocos/assets/Script/GameManager/MatrixManager.ts.
debug: Resolve file:///Users/ADMIN/Desktop/FruitLineSaga_Cocos/FruitLineSaga/FruitLineSaga_Cocos/assets/Script/MenuManager.ts from cce:/internal/x/prerequisite-imports as file:///Users/ADMIN/Desktop/FruitLineSaga_Cocos/FruitLineSaga/FruitLineSaga_Cocos/assets/Script/MenuManager.ts.
debug: Inspect file:///Users/ADMIN/Desktop/FruitLineSaga_Cocos/FruitLineSaga/FruitLineSaga_Cocos/assets/Script/MenuManager.ts
debug: Resolve cce:/internal/code-quality/cr.mjs from file:///Users/ADMIN/Desktop/FruitLineSaga_Cocos/FruitLineSaga/FruitLineSaga_Cocos/assets/Script/MenuManager.ts as cce:/internal/code-quality/cr.mjs.
debug: Resolve cc from file:///Users/ADMIN/Desktop/FruitLineSaga_Cocos/FruitLineSaga/FruitLineSaga_Cocos/assets/Script/MenuManager.ts as cce:/internal/x/cc.
debug: Resolve cc from file:///Users/ADMIN/Desktop/FruitLineSaga_Cocos/FruitLineSaga/FruitLineSaga_Cocos/assets/Script/MenuManager.ts as cce:/internal/x/cc.
debug: Resolve cc from file:///Users/ADMIN/Desktop/FruitLineSaga_Cocos/FruitLineSaga/FruitLineSaga_Cocos/assets/Script/MenuManager.ts as cce:/internal/x/cc.
debug: Resolve ./Utils/Constants from file:///Users/ADMIN/Desktop/FruitLineSaga_Cocos/FruitLineSaga/FruitLineSaga_Cocos/assets/Script/MenuManager.ts as file:///Users/ADMIN/Desktop/FruitLineSaga_Cocos/FruitLineSaga/FruitLineSaga_Cocos/assets/Script/Utils/Constants.ts.
debug: Resolve file:///Users/ADMIN/Desktop/FruitLineSaga_Cocos/FruitLineSaga/FruitLineSaga_Cocos/assets/Script/NodeModal.ts from cce:/internal/x/prerequisite-imports as file:///Users/ADMIN/Desktop/FruitLineSaga_Cocos/FruitLineSaga/FruitLineSaga_Cocos/assets/Script/NodeModal.ts.
debug: Resolve file:///Users/ADMIN/Desktop/FruitLineSaga_Cocos/FruitLineSaga/FruitLineSaga_Cocos/assets/Script/PoolManager.ts from cce:/internal/x/prerequisite-imports as file:///Users/ADMIN/Desktop/FruitLineSaga_Cocos/FruitLineSaga/FruitLineSaga_Cocos/assets/Script/PoolManager.ts.
debug: Resolve file:///Users/ADMIN/Desktop/FruitLineSaga_Cocos/FruitLineSaga/FruitLineSaga_Cocos/assets/Script/PrefabControl/AnimationScore.ts from cce:/internal/x/prerequisite-imports as file:///Users/ADMIN/Desktop/FruitLineSaga_Cocos/FruitLineSaga/FruitLineSaga_Cocos/assets/Script/PrefabControl/AnimationScore.ts.
debug: Resolve file:///Users/ADMIN/Desktop/FruitLineSaga_Cocos/FruitLineSaga/FruitLineSaga_Cocos/assets/Script/PrefabControl/Cell.ts from cce:/internal/x/prerequisite-imports as file:///Users/ADMIN/Desktop/FruitLineSaga_Cocos/FruitLineSaga/FruitLineSaga_Cocos/assets/Script/PrefabControl/Cell.ts.
debug: Resolve file:///Users/ADMIN/Desktop/FruitLineSaga_Cocos/FruitLineSaga/FruitLineSaga_Cocos/assets/Script/PrefabControl/LevelBar.ts from cce:/internal/x/prerequisite-imports as file:///Users/ADMIN/Desktop/FruitLineSaga_Cocos/FruitLineSaga/FruitLineSaga_Cocos/assets/Script/PrefabControl/LevelBar.ts.
debug: Resolve file:///Users/ADMIN/Desktop/FruitLineSaga_Cocos/FruitLineSaga/FruitLineSaga_Cocos/assets/Script/ScoreManager.ts from cce:/internal/x/prerequisite-imports as file:///Users/ADMIN/Desktop/FruitLineSaga_Cocos/FruitLineSaga/FruitLineSaga_Cocos/assets/Script/ScoreManager.ts.
debug: Resolve file:///Users/ADMIN/Desktop/FruitLineSaga_Cocos/FruitLineSaga/FruitLineSaga_Cocos/assets/Script/Splash.ts from cce:/internal/x/prerequisite-imports as file:///Users/ADMIN/Desktop/FruitLineSaga_Cocos/FruitLineSaga/FruitLineSaga_Cocos/assets/Script/Splash.ts.
debug: Inspect file:///Users/ADMIN/Desktop/FruitLineSaga_Cocos/FruitLineSaga/FruitLineSaga_Cocos/assets/Script/Splash.ts
debug: Resolve cce:/internal/code-quality/cr.mjs from file:///Users/ADMIN/Desktop/FruitLineSaga_Cocos/FruitLineSaga/FruitLineSaga_Cocos/assets/Script/Splash.ts as cce:/internal/code-quality/cr.mjs.
debug: Resolve cc from file:///Users/ADMIN/Desktop/FruitLineSaga_Cocos/FruitLineSaga/FruitLineSaga_Cocos/assets/Script/Splash.ts as cce:/internal/x/cc.
debug: Resolve cc from file:///Users/ADMIN/Desktop/FruitLineSaga_Cocos/FruitLineSaga/FruitLineSaga_Cocos/assets/Script/Splash.ts as cce:/internal/x/cc.
debug: Resolve cc from file:///Users/ADMIN/Desktop/FruitLineSaga_Cocos/FruitLineSaga/FruitLineSaga_Cocos/assets/Script/Splash.ts as cce:/internal/x/cc.
debug: Resolve ./Utils/Constants from file:///Users/ADMIN/Desktop/FruitLineSaga_Cocos/FruitLineSaga/FruitLineSaga_Cocos/assets/Script/Splash.ts as file:///Users/ADMIN/Desktop/FruitLineSaga_Cocos/FruitLineSaga/FruitLineSaga_Cocos/assets/Script/Utils/Constants.ts.
debug: Resolve ./Utils/DataGame from file:///Users/ADMIN/Desktop/FruitLineSaga_Cocos/FruitLineSaga/FruitLineSaga_Cocos/assets/Script/Splash.ts as file:///Users/ADMIN/Desktop/FruitLineSaga_Cocos/FruitLineSaga/FruitLineSaga_Cocos/assets/Script/Utils/DataGame.ts.
debug: Resolve file:///Users/ADMIN/Desktop/FruitLineSaga_Cocos/FruitLineSaga/FruitLineSaga_Cocos/assets/Script/Tutorial.ts from cce:/internal/x/prerequisite-imports as file:///Users/ADMIN/Desktop/FruitLineSaga_Cocos/FruitLineSaga/FruitLineSaga_Cocos/assets/Script/Tutorial.ts.
debug: Inspect file:///Users/ADMIN/Desktop/FruitLineSaga_Cocos/FruitLineSaga/FruitLineSaga_Cocos/assets/Script/Tutorial.ts
debug: Resolve cc from file:///Users/ADMIN/Desktop/FruitLineSaga_Cocos/FruitLineSaga/FruitLineSaga_Cocos/assets/Script/Tutorial.ts as cce:/internal/x/cc.
debug: Resolve cc from file:///Users/ADMIN/Desktop/FruitLineSaga_Cocos/FruitLineSaga/FruitLineSaga_Cocos/assets/Script/Tutorial.ts as cce:/internal/x/cc.
debug: Resolve cc from file:///Users/ADMIN/Desktop/FruitLineSaga_Cocos/FruitLineSaga/FruitLineSaga_Cocos/assets/Script/Tutorial.ts as cce:/internal/x/cc.
debug: Resolve file:///Users/ADMIN/Desktop/FruitLineSaga_Cocos/FruitLineSaga/FruitLineSaga_Cocos/assets/Script/Utils/Constants.ts from cce:/internal/x/prerequisite-imports as file:///Users/ADMIN/Desktop/FruitLineSaga_Cocos/FruitLineSaga/FruitLineSaga_Cocos/assets/Script/Utils/Constants.ts.
debug: Resolve file:///Users/ADMIN/Desktop/FruitLineSaga_Cocos/FruitLineSaga/FruitLineSaga_Cocos/assets/Script/Utils/DataGame.ts from cce:/internal/x/prerequisite-imports as file:///Users/ADMIN/Desktop/FruitLineSaga_Cocos/FruitLineSaga/FruitLineSaga_Cocos/assets/Script/Utils/DataGame.ts.
debug: Resolve file:///Users/ADMIN/Desktop/FruitLineSaga_Cocos/FruitLineSaga/FruitLineSaga_Cocos/assets/Script/Utils/DataTypes.ts from cce:/internal/x/prerequisite-imports as file:///Users/ADMIN/Desktop/FruitLineSaga_Cocos/FruitLineSaga/FruitLineSaga_Cocos/assets/Script/Utils/DataTypes.ts.
debug: Target(preview) ends with cost 443.37329100002535ms.
debug: Pulling asset-db.
debug: Fetch asset-db cost: 844.7284580001142ms.
debug: Build iteration starts.
Number of accumulated asset changes: 22
Feature changed: false
debug: Target(editor) build started.
debug: Detected change: cce:/internal/x/prerequisite-imports. Last mtime: Wed Dec 31 1969 16:00:03 GMT-0800 (Pacific Standard Time), Current mtime: Wed Dec 31 1969 16:00:06 GMT-0800 (Pacific Standard Time)
debug: Inspect cce:/internal/x/prerequisite-imports
debug: Resolve file:///Applications/Cocos/Creator/3.7.4/CocosCreator.app/Contents/Resources/resources/3d/engine/editor/assets/tools/debug-view-runtime-control.ts from cce:/internal/x/prerequisite-imports as file:///Applications/Cocos/Creator/3.7.4/CocosCreator.app/Contents/Resources/resources/3d/engine/editor/assets/tools/debug-view-runtime-control.ts.
debug: Resolve file:///Users/ADMIN/Desktop/FruitLineSaga_Cocos/FruitLineSaga/FruitLineSaga_Cocos/assets/Leaderboard/Script/ItemLeaderboard.ts from cce:/internal/x/prerequisite-imports as file:///Users/ADMIN/Desktop/FruitLineSaga_Cocos/FruitLineSaga/FruitLineSaga_Cocos/assets/Leaderboard/Script/ItemLeaderboard.ts.
debug: Resolve file:///Users/ADMIN/Desktop/FruitLineSaga_Cocos/FruitLineSaga/FruitLineSaga_Cocos/assets/Leaderboard/Script/LeaderboardHandle.ts from cce:/internal/x/prerequisite-imports as file:///Users/ADMIN/Desktop/FruitLineSaga_Cocos/FruitLineSaga/FruitLineSaga_Cocos/assets/Leaderboard/Script/LeaderboardHandle.ts.
debug: Resolve file:///Users/ADMIN/Desktop/FruitLineSaga_Cocos/FruitLineSaga/FruitLineSaga_Cocos/assets/Script/AudioController.ts from cce:/internal/x/prerequisite-imports as file:///Users/ADMIN/Desktop/FruitLineSaga_Cocos/FruitLineSaga/FruitLineSaga_Cocos/assets/Script/AudioController.ts.
debug: Resolve file:///Users/ADMIN/Desktop/FruitLineSaga_Cocos/FruitLineSaga/FruitLineSaga_Cocos/assets/Script/EntryManager.ts from cce:/internal/x/prerequisite-imports as file:///Users/ADMIN/Desktop/FruitLineSaga_Cocos/FruitLineSaga/FruitLineSaga_Cocos/assets/Script/EntryManager.ts.
debug: Resolve file:///Users/ADMIN/Desktop/FruitLineSaga_Cocos/FruitLineSaga/FruitLineSaga_Cocos/assets/Script/GameCenter/GameCenterController.ts from cce:/internal/x/prerequisite-imports as file:///Users/ADMIN/Desktop/FruitLineSaga_Cocos/FruitLineSaga/FruitLineSaga_Cocos/assets/Script/GameCenter/GameCenterController.ts.
debug: Resolve file:///Users/ADMIN/Desktop/FruitLineSaga_Cocos/FruitLineSaga/FruitLineSaga_Cocos/assets/Script/GameCenter/StoreAPI.ts from cce:/internal/x/prerequisite-imports as file:///Users/ADMIN/Desktop/FruitLineSaga_Cocos/FruitLineSaga/FruitLineSaga_Cocos/assets/Script/GameCenter/StoreAPI.ts.
debug: Resolve file:///Users/ADMIN/Desktop/FruitLineSaga_Cocos/FruitLineSaga/FruitLineSaga_Cocos/assets/Script/GameManager/GameController.ts from cce:/internal/x/prerequisite-imports as file:///Users/ADMIN/Desktop/FruitLineSaga_Cocos/FruitLineSaga/FruitLineSaga_Cocos/assets/Script/GameManager/GameController.ts.
debug: Resolve file:///Users/ADMIN/Desktop/FruitLineSaga_Cocos/FruitLineSaga/FruitLineSaga_Cocos/assets/Script/GameManager/GameView.ts from cce:/internal/x/prerequisite-imports as file:///Users/ADMIN/Desktop/FruitLineSaga_Cocos/FruitLineSaga/FruitLineSaga_Cocos/assets/Script/GameManager/GameView.ts.
debug: Resolve file:///Users/ADMIN/Desktop/FruitLineSaga_Cocos/FruitLineSaga/FruitLineSaga_Cocos/assets/Script/GameManager/MatrixManager.ts from cce:/internal/x/prerequisite-imports as file:///Users/ADMIN/Desktop/FruitLineSaga_Cocos/FruitLineSaga/FruitLineSaga_Cocos/assets/Script/GameManager/MatrixManager.ts.
debug: Resolve file:///Users/ADMIN/Desktop/FruitLineSaga_Cocos/FruitLineSaga/FruitLineSaga_Cocos/assets/Script/MenuManager.ts from cce:/internal/x/prerequisite-imports as file:///Users/ADMIN/Desktop/FruitLineSaga_Cocos/FruitLineSaga/FruitLineSaga_Cocos/assets/Script/MenuManager.ts.
debug: Resolve file:///Users/ADMIN/Desktop/FruitLineSaga_Cocos/FruitLineSaga/FruitLineSaga_Cocos/assets/Script/NodeModal.ts from cce:/internal/x/prerequisite-imports as file:///Users/ADMIN/Desktop/FruitLineSaga_Cocos/FruitLineSaga/FruitLineSaga_Cocos/assets/Script/NodeModal.ts.
debug: Resolve file:///Users/ADMIN/Desktop/FruitLineSaga_Cocos/FruitLineSaga/FruitLineSaga_Cocos/assets/Script/PoolManager.ts from cce:/internal/x/prerequisite-imports as file:///Users/ADMIN/Desktop/FruitLineSaga_Cocos/FruitLineSaga/FruitLineSaga_Cocos/assets/Script/PoolManager.ts.
debug: Resolve file:///Users/ADMIN/Desktop/FruitLineSaga_Cocos/FruitLineSaga/FruitLineSaga_Cocos/assets/Script/PrefabControl/AnimationScore.ts from cce:/internal/x/prerequisite-imports as file:///Users/ADMIN/Desktop/FruitLineSaga_Cocos/FruitLineSaga/FruitLineSaga_Cocos/assets/Script/PrefabControl/AnimationScore.ts.
debug: Resolve file:///Users/ADMIN/Desktop/FruitLineSaga_Cocos/FruitLineSaga/FruitLineSaga_Cocos/assets/Script/PrefabControl/Cell.ts from cce:/internal/x/prerequisite-imports as file:///Users/ADMIN/Desktop/FruitLineSaga_Cocos/FruitLineSaga/FruitLineSaga_Cocos/assets/Script/PrefabControl/Cell.ts.
debug: Resolve file:///Users/ADMIN/Desktop/FruitLineSaga_Cocos/FruitLineSaga/FruitLineSaga_Cocos/assets/Script/PrefabControl/LevelBar.ts from cce:/internal/x/prerequisite-imports as file:///Users/ADMIN/Desktop/FruitLineSaga_Cocos/FruitLineSaga/FruitLineSaga_Cocos/assets/Script/PrefabControl/LevelBar.ts.
debug: Resolve file:///Users/ADMIN/Desktop/FruitLineSaga_Cocos/FruitLineSaga/FruitLineSaga_Cocos/assets/Script/ScoreManager.ts from cce:/internal/x/prerequisite-imports as file:///Users/ADMIN/Desktop/FruitLineSaga_Cocos/FruitLineSaga/FruitLineSaga_Cocos/assets/Script/ScoreManager.ts.
debug: Resolve file:///Users/ADMIN/Desktop/FruitLineSaga_Cocos/FruitLineSaga/FruitLineSaga_Cocos/assets/Script/Splash.ts from cce:/internal/x/prerequisite-imports as file:///Users/ADMIN/Desktop/FruitLineSaga_Cocos/FruitLineSaga/FruitLineSaga_Cocos/assets/Script/Splash.ts.
debug: Resolve file:///Users/ADMIN/Desktop/FruitLineSaga_Cocos/FruitLineSaga/FruitLineSaga_Cocos/assets/Script/Tutorial.ts from cce:/internal/x/prerequisite-imports as file:///Users/ADMIN/Desktop/FruitLineSaga_Cocos/FruitLineSaga/FruitLineSaga_Cocos/assets/Script/Tutorial.ts.
debug: Resolve file:///Users/ADMIN/Desktop/FruitLineSaga_Cocos/FruitLineSaga/FruitLineSaga_Cocos/assets/Script/Utils/Constants.ts from cce:/internal/x/prerequisite-imports as file:///Users/ADMIN/Desktop/FruitLineSaga_Cocos/FruitLineSaga/FruitLineSaga_Cocos/assets/Script/Utils/Constants.ts.
debug: Resolve file:///Users/ADMIN/Desktop/FruitLineSaga_Cocos/FruitLineSaga/FruitLineSaga_Cocos/assets/Script/Utils/DataGame.ts from cce:/internal/x/prerequisite-imports as file:///Users/ADMIN/Desktop/FruitLineSaga_Cocos/FruitLineSaga/FruitLineSaga_Cocos/assets/Script/Utils/DataGame.ts.
debug: Resolve file:///Users/ADMIN/Desktop/FruitLineSaga_Cocos/FruitLineSaga/FruitLineSaga_Cocos/assets/Script/Utils/DataTypes.ts from cce:/internal/x/prerequisite-imports as file:///Users/ADMIN/Desktop/FruitLineSaga_Cocos/FruitLineSaga/FruitLineSaga_Cocos/assets/Script/Utils/DataTypes.ts.
debug: Target(editor) ends with cost 24.325875000096858ms.
debug: Target(preview) build started.
debug: Detected change: cce:/internal/x/prerequisite-imports. Last mtime: Wed Dec 31 1969 16:00:03 GMT-0800 (Pacific Standard Time), Current mtime: Wed Dec 31 1969 16:00:06 GMT-0800 (Pacific Standard Time)
debug: Inspect cce:/internal/x/prerequisite-imports
debug: Resolve file:///Applications/Cocos/Creator/3.7.4/CocosCreator.app/Contents/Resources/resources/3d/engine/editor/assets/tools/debug-view-runtime-control.ts from cce:/internal/x/prerequisite-imports as file:///Applications/Cocos/Creator/3.7.4/CocosCreator.app/Contents/Resources/resources/3d/engine/editor/assets/tools/debug-view-runtime-control.ts.
debug: Resolve file:///Users/ADMIN/Desktop/FruitLineSaga_Cocos/FruitLineSaga/FruitLineSaga_Cocos/assets/Leaderboard/Script/ItemLeaderboard.ts from cce:/internal/x/prerequisite-imports as file:///Users/ADMIN/Desktop/FruitLineSaga_Cocos/FruitLineSaga/FruitLineSaga_Cocos/assets/Leaderboard/Script/ItemLeaderboard.ts.
debug: Resolve file:///Users/ADMIN/Desktop/FruitLineSaga_Cocos/FruitLineSaga/FruitLineSaga_Cocos/assets/Leaderboard/Script/LeaderboardHandle.ts from cce:/internal/x/prerequisite-imports as file:///Users/ADMIN/Desktop/FruitLineSaga_Cocos/FruitLineSaga/FruitLineSaga_Cocos/assets/Leaderboard/Script/LeaderboardHandle.ts.
debug: Resolve file:///Users/ADMIN/Desktop/FruitLineSaga_Cocos/FruitLineSaga/FruitLineSaga_Cocos/assets/Script/AudioController.ts from cce:/internal/x/prerequisite-imports as file:///Users/ADMIN/Desktop/FruitLineSaga_Cocos/FruitLineSaga/FruitLineSaga_Cocos/assets/Script/AudioController.ts.
debug: Resolve file:///Users/ADMIN/Desktop/FruitLineSaga_Cocos/FruitLineSaga/FruitLineSaga_Cocos/assets/Script/EntryManager.ts from cce:/internal/x/prerequisite-imports as file:///Users/ADMIN/Desktop/FruitLineSaga_Cocos/FruitLineSaga/FruitLineSaga_Cocos/assets/Script/EntryManager.ts.
debug: Resolve file:///Users/ADMIN/Desktop/FruitLineSaga_Cocos/FruitLineSaga/FruitLineSaga_Cocos/assets/Script/GameCenter/GameCenterController.ts from cce:/internal/x/prerequisite-imports as file:///Users/ADMIN/Desktop/FruitLineSaga_Cocos/FruitLineSaga/FruitLineSaga_Cocos/assets/Script/GameCenter/GameCenterController.ts.
debug: Resolve file:///Users/ADMIN/Desktop/FruitLineSaga_Cocos/FruitLineSaga/FruitLineSaga_Cocos/assets/Script/GameCenter/StoreAPI.ts from cce:/internal/x/prerequisite-imports as file:///Users/ADMIN/Desktop/FruitLineSaga_Cocos/FruitLineSaga/FruitLineSaga_Cocos/assets/Script/GameCenter/StoreAPI.ts.
debug: Resolve file:///Users/ADMIN/Desktop/FruitLineSaga_Cocos/FruitLineSaga/FruitLineSaga_Cocos/assets/Script/GameManager/GameController.ts from cce:/internal/x/prerequisite-imports as file:///Users/ADMIN/Desktop/FruitLineSaga_Cocos/FruitLineSaga/FruitLineSaga_Cocos/assets/Script/GameManager/GameController.ts.
debug: Resolve file:///Users/ADMIN/Desktop/FruitLineSaga_Cocos/FruitLineSaga/FruitLineSaga_Cocos/assets/Script/GameManager/GameView.ts from cce:/internal/x/prerequisite-imports as file:///Users/ADMIN/Desktop/FruitLineSaga_Cocos/FruitLineSaga/FruitLineSaga_Cocos/assets/Script/GameManager/GameView.ts.
debug: Resolve file:///Users/ADMIN/Desktop/FruitLineSaga_Cocos/FruitLineSaga/FruitLineSaga_Cocos/assets/Script/GameManager/MatrixManager.ts from cce:/internal/x/prerequisite-imports as file:///Users/ADMIN/Desktop/FruitLineSaga_Cocos/FruitLineSaga/FruitLineSaga_Cocos/assets/Script/GameManager/MatrixManager.ts.
debug: Resolve file:///Users/ADMIN/Desktop/FruitLineSaga_Cocos/FruitLineSaga/FruitLineSaga_Cocos/assets/Script/MenuManager.ts from cce:/internal/x/prerequisite-imports as file:///Users/ADMIN/Desktop/FruitLineSaga_Cocos/FruitLineSaga/FruitLineSaga_Cocos/assets/Script/MenuManager.ts.
debug: Resolve file:///Users/ADMIN/Desktop/FruitLineSaga_Cocos/FruitLineSaga/FruitLineSaga_Cocos/assets/Script/NodeModal.ts from cce:/internal/x/prerequisite-imports as file:///Users/ADMIN/Desktop/FruitLineSaga_Cocos/FruitLineSaga/FruitLineSaga_Cocos/assets/Script/NodeModal.ts.
debug: Resolve file:///Users/ADMIN/Desktop/FruitLineSaga_Cocos/FruitLineSaga/FruitLineSaga_Cocos/assets/Script/PoolManager.ts from cce:/internal/x/prerequisite-imports as file:///Users/ADMIN/Desktop/FruitLineSaga_Cocos/FruitLineSaga/FruitLineSaga_Cocos/assets/Script/PoolManager.ts.
debug: Resolve file:///Users/ADMIN/Desktop/FruitLineSaga_Cocos/FruitLineSaga/FruitLineSaga_Cocos/assets/Script/PrefabControl/AnimationScore.ts from cce:/internal/x/prerequisite-imports as file:///Users/ADMIN/Desktop/FruitLineSaga_Cocos/FruitLineSaga/FruitLineSaga_Cocos/assets/Script/PrefabControl/AnimationScore.ts.
debug: Resolve file:///Users/ADMIN/Desktop/FruitLineSaga_Cocos/FruitLineSaga/FruitLineSaga_Cocos/assets/Script/PrefabControl/Cell.ts from cce:/internal/x/prerequisite-imports as file:///Users/ADMIN/Desktop/FruitLineSaga_Cocos/FruitLineSaga/FruitLineSaga_Cocos/assets/Script/PrefabControl/Cell.ts.
debug: Resolve file:///Users/ADMIN/Desktop/FruitLineSaga_Cocos/FruitLineSaga/FruitLineSaga_Cocos/assets/Script/PrefabControl/LevelBar.ts from cce:/internal/x/prerequisite-imports as file:///Users/ADMIN/Desktop/FruitLineSaga_Cocos/FruitLineSaga/FruitLineSaga_Cocos/assets/Script/PrefabControl/LevelBar.ts.
debug: Resolve file:///Users/ADMIN/Desktop/FruitLineSaga_Cocos/FruitLineSaga/FruitLineSaga_Cocos/assets/Script/ScoreManager.ts from cce:/internal/x/prerequisite-imports as file:///Users/ADMIN/Desktop/FruitLineSaga_Cocos/FruitLineSaga/FruitLineSaga_Cocos/assets/Script/ScoreManager.ts.
debug: Resolve file:///Users/ADMIN/Desktop/FruitLineSaga_Cocos/FruitLineSaga/FruitLineSaga_Cocos/assets/Script/Splash.ts from cce:/internal/x/prerequisite-imports as file:///Users/ADMIN/Desktop/FruitLineSaga_Cocos/FruitLineSaga/FruitLineSaga_Cocos/assets/Script/Splash.ts.
debug: Resolve file:///Users/ADMIN/Desktop/FruitLineSaga_Cocos/FruitLineSaga/FruitLineSaga_Cocos/assets/Script/Tutorial.ts from cce:/internal/x/prerequisite-imports as file:///Users/ADMIN/Desktop/FruitLineSaga_Cocos/FruitLineSaga/FruitLineSaga_Cocos/assets/Script/Tutorial.ts.
debug: Resolve file:///Users/ADMIN/Desktop/FruitLineSaga_Cocos/FruitLineSaga/FruitLineSaga_Cocos/assets/Script/Utils/Constants.ts from cce:/internal/x/prerequisite-imports as file:///Users/ADMIN/Desktop/FruitLineSaga_Cocos/FruitLineSaga/FruitLineSaga_Cocos/assets/Script/Utils/Constants.ts.
debug: Resolve file:///Users/ADMIN/Desktop/FruitLineSaga_Cocos/FruitLineSaga/FruitLineSaga_Cocos/assets/Script/Utils/DataGame.ts from cce:/internal/x/prerequisite-imports as file:///Users/ADMIN/Desktop/FruitLineSaga_Cocos/FruitLineSaga/FruitLineSaga_Cocos/assets/Script/Utils/DataGame.ts.
debug: Resolve file:///Users/ADMIN/Desktop/FruitLineSaga_Cocos/FruitLineSaga/FruitLineSaga_Cocos/assets/Script/Utils/DataTypes.ts from cce:/internal/x/prerequisite-imports as file:///Users/ADMIN/Desktop/FruitLineSaga_Cocos/FruitLineSaga/FruitLineSaga_Cocos/assets/Script/Utils/DataTypes.ts.
debug: Target(preview) ends with cost 15.859583999961615ms.
